# 90prime spectral response curves
# compiled by C. W. Engelbracht, March 2009
# filter: SDSS u
# 3 (filter * Q.E.) response curves are listed:
#    blue (chips 1 and 4), broadband (chips 2 and 3),
#    and average [(blue + broadband) / 2)]
# wavelength (nm)        filter    filt.*blue    filt.*broadband       average
            300.0         0.000         0.000              0.000         0.000
            301.0         0.000         0.000              0.000         0.000
            302.0         0.000         0.000              0.000         0.000
            303.0         0.000         0.000              0.000         0.000
            304.0         0.001         0.001              0.001         0.001
            305.0         0.003         0.002              0.002         0.002
            306.0         0.006         0.004              0.004         0.004
            307.0         0.011         0.007              0.008         0.007
            308.0         0.020         0.012              0.014         0.013
            309.0         0.034         0.021              0.023         0.022
            310.0         0.051         0.032              0.035         0.033
            311.0         0.068         0.043              0.047         0.045
            312.0         0.086         0.055              0.060         0.057
            313.0         0.114         0.073              0.079         0.076
            314.0         0.152         0.098              0.106         0.102
            315.0         0.189         0.123              0.133         0.128
            316.0         0.218         0.142              0.153         0.148
            317.0         0.246         0.162              0.174         0.168
            318.0         0.283         0.188              0.201         0.194
            319.0         0.325         0.218              0.232         0.225
            320.0         0.361         0.244              0.258         0.251
            321.0         0.387         0.264              0.277         0.270
            322.0         0.412         0.284              0.294         0.289
            323.0         0.444         0.308              0.315         0.312
            324.0         0.475         0.332              0.336         0.334
            325.0         0.499         0.352              0.352         0.352
            326.0         0.517         0.369              0.364         0.366
            327.0         0.535         0.384              0.376         0.380
            328.0         0.554         0.399              0.388         0.393
            329.0         0.574         0.416              0.400         0.408
            330.0         0.587         0.427              0.408         0.418
            331.0         0.590         0.432              0.409         0.420
            332.0         0.594         0.438              0.410         0.424
            333.0         0.602         0.447              0.414         0.431
            334.0         0.618         0.464              0.424         0.444
            335.0         0.641         0.485              0.438         0.462
            336.0         0.662         0.505              0.451         0.478
            337.0         0.677         0.519              0.460         0.489
            338.0         0.683         0.525              0.462         0.494
            339.0         0.681         0.527              0.460         0.493
            340.0         0.683         0.530              0.459         0.494
            341.0         0.685         0.534              0.458         0.496
            342.0         0.700         0.548              0.466         0.507
            343.0         0.713         0.561              0.472         0.516
            344.0         0.721         0.569              0.474         0.522
            345.0         0.728         0.577              0.476         0.526
            346.0         0.726         0.576              0.473         0.524
            347.0         0.724         0.575              0.469         0.522
            348.0         0.725         0.576              0.466         0.521
            349.0         0.726         0.577              0.464         0.521
            350.0         0.726         0.577              0.462         0.519
            351.0         0.727         0.578              0.459         0.519
            352.0         0.725         0.577              0.454         0.515
            353.0         0.723         0.576              0.449         0.513
            354.0         0.723         0.577              0.446         0.511
            355.0         0.726         0.581              0.445         0.513
            356.0         0.730         0.586              0.444         0.515
            357.0         0.730         0.587              0.440         0.514
            358.0         0.726         0.585              0.434         0.510
            359.0         0.717         0.579              0.430         0.505
            360.0         0.711         0.576              0.428         0.502
            361.0         0.704         0.572              0.425         0.498
            362.0         0.698         0.569              0.423         0.496
            363.0         0.693         0.565              0.421         0.493
            364.0         0.684         0.560              0.417         0.489
            365.0         0.670         0.551              0.410         0.480
            366.0         0.656         0.541              0.403         0.472
            367.0         0.642         0.533              0.396         0.464
            368.0         0.629         0.524              0.388         0.456
            369.0         0.615         0.515              0.381         0.448
            370.0         0.596         0.501              0.370         0.436
            371.0         0.572         0.483              0.357         0.420
            372.0         0.544         0.461              0.340         0.401
            373.0         0.513         0.437              0.322         0.379
            374.0         0.481         0.411              0.303         0.357
            375.0         0.454         0.389              0.286         0.338
            376.0         0.428         0.369              0.271         0.320
            377.0         0.401         0.347              0.255         0.301
            378.0         0.374         0.324              0.238         0.281
            379.0         0.342         0.298              0.219         0.258
            380.0         0.308         0.268              0.197         0.233
            381.0         0.270         0.236              0.174         0.205
            382.0         0.234         0.205              0.151         0.178
            383.0         0.200         0.176              0.130         0.153
            384.0         0.168         0.148              0.110         0.129
            385.0         0.139         0.123              0.091         0.107
            386.0         0.113         0.100              0.074         0.087
            387.0         0.089         0.079              0.059         0.069
            388.0         0.068         0.060              0.045         0.052
            389.0         0.049         0.044              0.033         0.038
            390.0         0.035         0.031              0.024         0.027
            391.0         0.025         0.022              0.017         0.019
            392.0         0.017         0.015              0.011         0.013
            393.0         0.011         0.010              0.008         0.009
            394.0         0.007         0.006              0.005         0.006
            395.0         0.005         0.004              0.003         0.004
            396.0         0.003         0.002              0.002         0.002
            397.0         0.002         0.001              0.001         0.001
            398.0         0.001         0.001              0.001         0.001
            399.0         0.000         0.000              0.000         0.000
            400.0         0.000         0.000              0.000         0.000
            401.0         0.000         0.000              0.000         0.000
            402.0         0.000         0.000              0.000         0.000
            403.0         0.000         0.000              0.000         0.000
            404.0         0.000         0.000              0.000         0.000
            405.0         0.000         0.000              0.000         0.000
            406.0         0.000         0.000              0.000         0.000
            407.0        -0.000        -0.000             -0.000        -0.000
            408.0        -0.000        -0.000             -0.000        -0.000
            409.0        -0.000        -0.000             -0.000        -0.000
            410.0        -0.000        -0.000             -0.000        -0.000
            411.0        -0.000        -0.000             -0.000        -0.000
            412.0        -0.000        -0.000             -0.000        -0.000
            413.0        -0.000        -0.000             -0.000        -0.000
            414.0        -0.000        -0.000             -0.000        -0.000
            415.0        -0.000        -0.000             -0.000        -0.000
            416.0        -0.000        -0.000             -0.000        -0.000
            417.0        -0.000        -0.000             -0.000        -0.000
            418.0        -0.000        -0.000             -0.000        -0.000
            419.0        -0.000        -0.000             -0.000        -0.000
            420.0        -0.000        -0.000             -0.000        -0.000
            421.0        -0.000        -0.000             -0.000        -0.000
            422.0        -0.000        -0.000             -0.000        -0.000
            423.0        -0.000        -0.000             -0.000        -0.000
            424.0        -0.000        -0.000             -0.000        -0.000
            425.0        -0.000        -0.000             -0.000        -0.000
            426.0        -0.000        -0.000             -0.000        -0.000
            427.0        -0.000        -0.000             -0.000        -0.000
            428.0        -0.000        -0.000             -0.000        -0.000
            429.0        -0.000        -0.000             -0.000        -0.000
            430.0        -0.000        -0.000             -0.000        -0.000
            431.0        -0.000        -0.000             -0.000        -0.000
            432.0        -0.000        -0.000             -0.000        -0.000
            433.0        -0.000        -0.000             -0.000        -0.000
            434.0        -0.000        -0.000             -0.000        -0.000
            435.0        -0.000        -0.000             -0.000        -0.000
            436.0        -0.000        -0.000             -0.000        -0.000
            437.0        -0.000        -0.000             -0.000        -0.000
            438.0        -0.000        -0.000             -0.000        -0.000
            439.0        -0.000        -0.000             -0.000        -0.000
            440.0        -0.000        -0.000             -0.000        -0.000
            441.0        -0.000        -0.000             -0.000        -0.000
            442.0        -0.000        -0.000             -0.000        -0.000
            443.0        -0.000        -0.000             -0.000        -0.000
            444.0        -0.000        -0.000             -0.000        -0.000
            445.0        -0.000        -0.000             -0.000        -0.000
            446.0        -0.000        -0.000             -0.000        -0.000
            447.0         0.000         0.000              0.000         0.000
            448.0        -0.000        -0.000             -0.000        -0.000
            449.0        -0.000        -0.000             -0.000        -0.000
            450.0        -0.000        -0.000             -0.000        -0.000
            451.0        -0.000        -0.000             -0.000        -0.000
            452.0        -0.000        -0.000             -0.000        -0.000
            453.0        -0.000        -0.000             -0.000        -0.000
            454.0        -0.000        -0.000             -0.000        -0.000
            455.0         0.000         0.000              0.000         0.000
            456.0        -0.000        -0.000             -0.000        -0.000
            457.0        -0.000        -0.000             -0.000        -0.000
            458.0        -0.000        -0.000             -0.000        -0.000
            459.0        -0.000        -0.000             -0.000        -0.000
            460.0        -0.000        -0.000             -0.000        -0.000
            461.0        -0.000        -0.000             -0.000        -0.000
            462.0        -0.000        -0.000             -0.000        -0.000
            463.0        -0.000        -0.000             -0.000        -0.000
            464.0        -0.000        -0.000             -0.000        -0.000
            465.0        -0.000        -0.000             -0.000        -0.000
            466.0        -0.000        -0.000             -0.000        -0.000
            467.0        -0.000        -0.000             -0.000        -0.000
            468.0         0.000         0.000              0.000         0.000
            469.0         0.000         0.000              0.000         0.000
            470.0        -0.000        -0.000             -0.000        -0.000
            471.0         0.000         0.000              0.000         0.000
            472.0         0.000         0.000              0.000         0.000
            473.0         0.000         0.000              0.000         0.000
            474.0         0.000         0.000              0.000         0.000
            475.0        -0.000        -0.000             -0.000        -0.000
            476.0        -0.000        -0.000             -0.000        -0.000
            477.0         0.000         0.000              0.000         0.000
            478.0         0.000         0.000              0.000         0.000
            479.0         0.000         0.000              0.000         0.000
            480.0         0.000         0.000              0.000         0.000
            481.0        -0.000        -0.000             -0.000        -0.000
            482.0         0.000         0.000              0.000         0.000
            483.0         0.000         0.000              0.000         0.000
            484.0         0.000         0.000              0.000         0.000
            485.0         0.000         0.000              0.000         0.000
            486.0         0.000         0.000              0.000         0.000
            487.0        -0.000        -0.000             -0.000        -0.000
            488.0        -0.000        -0.000             -0.000        -0.000
            489.0         0.000         0.000              0.000         0.000
            490.0         0.000         0.000              0.000         0.000
            491.0         0.000         0.000              0.000         0.000
            492.0        -0.000        -0.000             -0.000        -0.000
            493.0        -0.000        -0.000             -0.000        -0.000
            494.0         0.000         0.000              0.000         0.000
            495.0         0.000         0.000              0.000         0.000
            496.0         0.000         0.000              0.000         0.000
            497.0        -0.000        -0.000             -0.000        -0.000
            498.0         0.000         0.000              0.000         0.000
            499.0        -0.000        -0.000             -0.000        -0.000
            500.0         0.000         0.000              0.000         0.000
            501.0         0.000         0.000              0.000         0.000
            502.0         0.000         0.000              0.000         0.000
            503.0        -0.000        -0.000             -0.000        -0.000
            504.0         0.000         0.000              0.000         0.000
            505.0         0.000         0.000              0.000         0.000
            506.0         0.000         0.000              0.000         0.000
            507.0        -0.000        -0.000             -0.000        -0.000
            508.0        -0.000        -0.000             -0.000        -0.000
            509.0        -0.000        -0.000             -0.000        -0.000
            510.0        -0.000        -0.000             -0.000        -0.000
            511.0        -0.000        -0.000             -0.000        -0.000
            512.0        -0.000        -0.000             -0.000        -0.000
            513.0        -0.000        -0.000             -0.000        -0.000
            514.0        -0.000        -0.000             -0.000        -0.000
            515.0        -0.000        -0.000             -0.000        -0.000
            516.0        -0.000        -0.000             -0.000        -0.000
            517.0        -0.000        -0.000             -0.000        -0.000
            518.0        -0.000        -0.000             -0.000        -0.000
            519.0        -0.000        -0.000             -0.000        -0.000
            520.0        -0.000        -0.000             -0.000        -0.000
            521.0        -0.000        -0.000             -0.000        -0.000
            522.0        -0.000        -0.000             -0.000        -0.000
            523.0        -0.000        -0.000             -0.000        -0.000
            524.0        -0.000        -0.000             -0.000        -0.000
            525.0        -0.000        -0.000             -0.000        -0.000
            526.0        -0.000        -0.000             -0.000        -0.000
            527.0        -0.000        -0.000             -0.000        -0.000
            528.0        -0.000        -0.000             -0.000        -0.000
            529.0        -0.000        -0.000             -0.000        -0.000
            530.0        -0.000        -0.000             -0.000        -0.000
            531.0        -0.000        -0.000             -0.000        -0.000
            532.0        -0.000        -0.000             -0.000        -0.000
            533.0        -0.000        -0.000             -0.000        -0.000
            534.0        -0.000        -0.000             -0.000        -0.000
            535.0        -0.000        -0.000             -0.000        -0.000
            536.0        -0.000        -0.000             -0.000        -0.000
            537.0        -0.000        -0.000             -0.000        -0.000
            538.0        -0.000        -0.000             -0.000        -0.000
            539.0        -0.000        -0.000             -0.000        -0.000
            540.0        -0.000        -0.000             -0.000        -0.000
            541.0        -0.000        -0.000             -0.000        -0.000
            542.0        -0.000        -0.000             -0.000        -0.000
            543.0        -0.000        -0.000             -0.000        -0.000
            544.0        -0.000        -0.000             -0.000        -0.000
            545.0        -0.000        -0.000             -0.000        -0.000
            546.0        -0.000        -0.000             -0.000        -0.000
            547.0        -0.000        -0.000             -0.000        -0.000
            548.0        -0.000        -0.000             -0.000        -0.000
            549.0        -0.000        -0.000             -0.000        -0.000
            550.0        -0.000        -0.000             -0.000        -0.000
            551.0        -0.000        -0.000             -0.000        -0.000
            552.0        -0.000        -0.000             -0.000        -0.000
            553.0        -0.000        -0.000             -0.000        -0.000
            554.0        -0.000        -0.000             -0.000        -0.000
            555.0        -0.000        -0.000             -0.000        -0.000
            556.0        -0.000        -0.000             -0.000        -0.000
            557.0        -0.000        -0.000             -0.000        -0.000
            558.0        -0.000        -0.000             -0.000        -0.000
            559.0        -0.000        -0.000             -0.000        -0.000
            560.0        -0.000        -0.000             -0.000        -0.000
            561.0        -0.000        -0.000             -0.000        -0.000
            562.0        -0.000        -0.000             -0.000        -0.000
            563.0        -0.000        -0.000             -0.000        -0.000
            564.0        -0.000        -0.000             -0.000        -0.000
            565.0        -0.000        -0.000             -0.000        -0.000
            566.0        -0.000        -0.000             -0.000        -0.000
            567.0        -0.000        -0.000             -0.000        -0.000
            568.0        -0.000        -0.000             -0.000        -0.000
            569.0        -0.000        -0.000             -0.000        -0.000
            570.0        -0.000        -0.000             -0.000        -0.000
            571.0        -0.000        -0.000             -0.000        -0.000
            572.0        -0.000        -0.000             -0.000        -0.000
            573.0        -0.000        -0.000             -0.000        -0.000
            574.0        -0.000        -0.000             -0.000        -0.000
            575.0        -0.000        -0.000             -0.000        -0.000
            576.0        -0.000        -0.000             -0.000        -0.000
            577.0        -0.000        -0.000             -0.000        -0.000
            578.0        -0.000        -0.000             -0.000        -0.000
            579.0        -0.000        -0.000             -0.000        -0.000
            580.0        -0.000        -0.000             -0.000        -0.000
            581.0        -0.000        -0.000             -0.000        -0.000
            582.0        -0.000        -0.000             -0.000        -0.000
            583.0        -0.000        -0.000             -0.000        -0.000
            584.0        -0.000        -0.000             -0.000        -0.000
            585.0        -0.000        -0.000             -0.000        -0.000
            586.0        -0.000        -0.000             -0.000        -0.000
            587.0        -0.000        -0.000             -0.000        -0.000
            588.0        -0.000        -0.000             -0.000        -0.000
            589.0        -0.000        -0.000             -0.000        -0.000
            590.0        -0.000        -0.000             -0.000        -0.000
            591.0        -0.000        -0.000             -0.000        -0.000
            592.0        -0.000        -0.000             -0.000        -0.000
            593.0        -0.000        -0.000             -0.000        -0.000
            594.0        -0.000        -0.000             -0.000        -0.000
            595.0        -0.000        -0.000             -0.000        -0.000
            596.0        -0.000        -0.000             -0.000        -0.000
            597.0        -0.000        -0.000             -0.000        -0.000
            598.0         0.000         0.000              0.000         0.000
            599.0        -0.000        -0.000             -0.000        -0.000
            600.0        -0.000        -0.000             -0.000        -0.000
            601.0        -0.000        -0.000             -0.000        -0.000
            602.0        -0.000        -0.000             -0.000        -0.000
            603.0        -0.000        -0.000             -0.000        -0.000
            604.0        -0.000        -0.000             -0.000        -0.000
            605.0        -0.000        -0.000             -0.000        -0.000
            606.0        -0.000        -0.000             -0.000        -0.000
            607.0        -0.000        -0.000             -0.000        -0.000
            608.0        -0.000        -0.000             -0.000        -0.000
            609.0        -0.000        -0.000             -0.000        -0.000
            610.0        -0.000        -0.000             -0.000        -0.000
            611.0        -0.000        -0.000             -0.000        -0.000
            612.0        -0.000        -0.000             -0.000        -0.000
            613.0        -0.000        -0.000             -0.000        -0.000
            614.0        -0.000        -0.000             -0.000        -0.000
            615.0        -0.000        -0.000             -0.000        -0.000
            616.0        -0.000        -0.000             -0.000        -0.000
            617.0         0.000         0.000              0.000         0.000
            618.0         0.000         0.000              0.000         0.000
            619.0        -0.000        -0.000             -0.000        -0.000
            620.0         0.000         0.000              0.000         0.000
            621.0         0.000         0.000              0.000         0.000
            622.0         0.000         0.000              0.000         0.000
            623.0         0.000         0.000              0.000         0.000
            624.0         0.000         0.000              0.000         0.000
            625.0         0.000         0.000              0.000         0.000
            626.0         0.000         0.000              0.000         0.000
            627.0         0.000         0.000              0.000         0.000
            628.0         0.000         0.000              0.000         0.000
            629.0         0.000         0.000              0.000         0.000
            630.0        -0.000        -0.000             -0.000        -0.000
            631.0         0.000         0.000              0.000         0.000
            632.0        -0.000        -0.000             -0.000        -0.000
            633.0         0.000         0.000              0.000         0.000
            634.0         0.000         0.000              0.000         0.000
            635.0         0.000         0.000              0.000         0.000
            636.0         0.000         0.000              0.000         0.000
            637.0         0.000         0.000              0.000         0.000
            638.0         0.000         0.000              0.000         0.000
            639.0         0.000         0.000              0.000         0.000
            640.0         0.000         0.000              0.000         0.000
            641.0         0.000         0.000              0.000         0.000
            642.0         0.000         0.000              0.000         0.000
            643.0         0.000         0.000              0.000         0.000
            644.0         0.000         0.000              0.000         0.000
            645.0         0.000         0.000              0.000         0.000
            646.0         0.000         0.000              0.000         0.000
            647.0         0.000         0.000              0.000         0.000
            648.0         0.000         0.000              0.000         0.000
            649.0         0.000         0.000              0.000         0.000
            650.0         0.000         0.000              0.000         0.000
            651.0         0.000         0.000              0.000         0.000
            652.0         0.000         0.000              0.000         0.000
            653.0         0.000         0.000              0.000         0.000
            654.0         0.000         0.000              0.000         0.000
            655.0         0.000         0.000              0.000         0.000
            656.0         0.000         0.000              0.000         0.000
            657.0         0.000         0.000              0.000         0.000
            658.0         0.000         0.000              0.000         0.000
            659.0         0.000         0.000              0.000         0.000
            660.0         0.000         0.000              0.000         0.000
            661.0         0.000         0.000              0.000         0.000
            662.0         0.000         0.000              0.000         0.000
            663.0         0.000         0.000              0.000         0.000
            664.0         0.000         0.000              0.000         0.000
            665.0         0.000         0.000              0.000         0.000
            666.0         0.000         0.000              0.000         0.000
            667.0         0.000         0.000              0.000         0.000
            668.0         0.000         0.000              0.000         0.000
            669.0         0.000         0.000              0.000         0.000
            670.0         0.000         0.000              0.000         0.000
            671.0         0.000         0.000              0.000         0.000
            672.0        -0.000        -0.000             -0.000        -0.000
            673.0         0.000         0.000              0.000         0.000
            674.0         0.000         0.000              0.000         0.000
            675.0         0.000         0.000              0.000         0.000
            676.0         0.000         0.000              0.000         0.000
            677.0         0.000         0.000              0.000         0.000
            678.0         0.000         0.000              0.000         0.000
            679.0         0.000         0.000              0.000         0.000
            680.0         0.000         0.000              0.000         0.000
            681.0         0.000         0.000              0.000         0.000
            682.0         0.000         0.000              0.000         0.000
            683.0         0.000         0.000              0.000         0.000
            684.0         0.000         0.000              0.000         0.000
            685.0         0.000         0.000              0.000         0.000
            686.0         0.000         0.000              0.000         0.000
            687.0         0.000         0.000              0.000         0.000
            688.0         0.000         0.000              0.000         0.000
            689.0         0.000         0.000              0.000         0.000
            690.0         0.000         0.000              0.000         0.000
            691.0         0.000         0.000              0.000         0.000
            692.0         0.000         0.000              0.000         0.000
            693.0         0.000         0.000              0.000         0.000
            694.0         0.000         0.000              0.000         0.000
            695.0         0.000         0.000              0.000         0.000
            696.0         0.000         0.000              0.000         0.000
            697.0         0.000         0.000              0.000         0.000
            698.0         0.000         0.000              0.000         0.000
            699.0         0.000         0.000              0.000         0.000
            700.0         0.000         0.000              0.000         0.000
            701.0         0.000         0.000              0.000         0.000
            702.0         0.000         0.000              0.000         0.000
            703.0         0.000         0.000              0.000         0.000
            704.0         0.000         0.000              0.000         0.000
            705.0         0.000         0.000              0.000         0.000
            706.0         0.000         0.000              0.000         0.000
            707.0         0.000         0.000              0.000         0.000
            708.0         0.000         0.000              0.000         0.000
            709.0         0.000         0.000              0.000         0.000
            710.0         0.000         0.000              0.000         0.000
            711.0         0.000         0.000              0.000         0.000
            712.0         0.000         0.000              0.000         0.000
            713.0         0.000         0.000              0.000         0.000
            714.0         0.000         0.000              0.000         0.000
            715.0         0.000         0.000              0.000         0.000
            716.0         0.000         0.000              0.000         0.000
            717.0         0.000         0.000              0.000         0.000
            718.0         0.000         0.000              0.000         0.000
            719.0         0.000         0.000              0.000         0.000
            720.0         0.000         0.000              0.000         0.000
            721.0         0.000         0.000              0.000         0.000
            722.0         0.000         0.000              0.000         0.000
            723.0         0.000         0.000              0.000         0.000
            724.0         0.000         0.000              0.000         0.000
            725.0         0.000         0.000              0.000         0.000
            726.0         0.000         0.000              0.000         0.000
            727.0         0.000         0.000              0.000         0.000
            728.0         0.000         0.000              0.000         0.000
            729.0         0.000         0.000              0.000         0.000
            730.0         0.000         0.000              0.000         0.000
            731.0         0.000         0.000              0.000         0.000
            732.0         0.000         0.000              0.000         0.000
            733.0         0.000         0.000              0.000         0.000
            734.0         0.000         0.000              0.000         0.000
            735.0         0.000         0.000              0.000         0.000
            736.0         0.000         0.000              0.000         0.000
            737.0         0.000         0.000              0.000         0.000
            738.0         0.000         0.000              0.000         0.000
            739.0         0.000         0.000              0.000         0.000
            740.0         0.000         0.000              0.000         0.000
            741.0         0.000         0.000              0.000         0.000
            742.0         0.000         0.000              0.000         0.000
            743.0         0.000         0.000              0.000         0.000
            744.0         0.000         0.000              0.000         0.000
            745.0         0.000         0.000              0.000         0.000
            746.0         0.000         0.000              0.000         0.000
            747.0         0.000         0.000              0.000         0.000
            748.0         0.000         0.000              0.000         0.000
            749.0         0.000         0.000              0.000         0.000
            750.0         0.000         0.000              0.000         0.000
            751.0         0.000         0.000              0.000         0.000
            752.0         0.000         0.000              0.000         0.000
            753.0         0.000         0.000              0.000         0.000
            754.0         0.000         0.000              0.000         0.000
            755.0         0.000         0.000              0.000         0.000
            756.0         0.000         0.000              0.000         0.000
            757.0         0.000         0.000              0.000         0.000
            758.0         0.000         0.000              0.000         0.000
            759.0         0.000         0.000              0.000         0.000
            760.0         0.000         0.000              0.000         0.000
            761.0         0.000         0.000              0.000         0.000
            762.0         0.000         0.000              0.000         0.000
            763.0         0.000         0.000              0.000         0.000
            764.0         0.000         0.000              0.000         0.000
            765.0         0.000         0.000              0.000         0.000
            766.0         0.000         0.000              0.000         0.000
            767.0         0.000         0.000              0.000         0.000
            768.0         0.000         0.000              0.000         0.000
            769.0         0.000         0.000              0.000         0.000
            770.0         0.000         0.000              0.000         0.000
            771.0         0.000         0.000              0.000         0.000
            772.0         0.000         0.000              0.000         0.000
            773.0         0.000         0.000              0.000         0.000
            774.0         0.000         0.000              0.000         0.000
            775.0         0.000         0.000              0.000         0.000
            776.0         0.000         0.000              0.000         0.000
            777.0         0.000         0.000              0.000         0.000
            778.0         0.000         0.000              0.000         0.000
            779.0         0.000         0.000              0.000         0.000
            780.0         0.000         0.000              0.000         0.000
            781.0         0.000         0.000              0.000         0.000
            782.0         0.000         0.000              0.000         0.000
            783.0         0.000         0.000              0.000         0.000
            784.0         0.000         0.000              0.000         0.000
            785.0         0.000         0.000              0.000         0.000
            786.0         0.000         0.000              0.000         0.000
            787.0         0.000         0.000              0.000         0.000
            788.0         0.000         0.000              0.000         0.000
            789.0         0.000         0.000              0.000         0.000
            790.0         0.000         0.000              0.000         0.000
            791.0         0.000         0.000              0.000         0.000
            792.0         0.000         0.000              0.000         0.000
            793.0         0.000         0.000              0.000         0.000
            794.0         0.000         0.000              0.000         0.000
            795.0         0.000         0.000              0.000         0.000
            796.0         0.000         0.000              0.000         0.000
            797.0         0.000         0.000              0.000         0.000
            798.0         0.000         0.000              0.000         0.000
            799.0         0.000         0.000              0.000         0.000
            800.0         0.000         0.000              0.000         0.000
            801.0        -0.000        -0.000             -0.000        -0.000
            802.0         0.000         0.000              0.000         0.000
            803.0         0.000         0.000              0.000         0.000
            804.0         0.000         0.000              0.000         0.000
            805.0        -0.000        -0.000             -0.000        -0.000
            806.0         0.000         0.000              0.000         0.000
            807.0         0.000         0.000              0.000         0.000
            808.0         0.000         0.000              0.000         0.000
            809.0        -0.000        -0.000             -0.000        -0.000
            810.0         0.000         0.000              0.000         0.000
            811.0         0.000         0.000              0.000         0.000
            812.0         0.000         0.000              0.000         0.000
            813.0        -0.000        -0.000             -0.000        -0.000
            814.0        -0.000        -0.000             -0.000        -0.000
            815.0         0.000         0.000              0.000         0.000
            816.0         0.000         0.000              0.000         0.000
            817.0         0.000         0.000              0.000         0.000
            818.0         0.000         0.000              0.000         0.000
            819.0        -0.000        -0.000             -0.000        -0.000
            820.0         0.000         0.000              0.000         0.000
            821.0        -0.000        -0.000             -0.000        -0.000
            822.0         0.000         0.000              0.000         0.000
            823.0         0.000         0.000              0.000         0.000
            824.0         0.000         0.000              0.000         0.000
            825.0         0.000         0.000              0.000         0.000
            826.0         0.000         0.000              0.000         0.000
            827.0         0.000         0.000              0.000         0.000
            828.0         0.000         0.000              0.000         0.000
            829.0         0.000         0.000              0.000         0.000
            830.0        -0.000        -0.000             -0.000        -0.000
            831.0         0.000         0.000              0.000         0.000
            832.0         0.000         0.000              0.000         0.000
            833.0        -0.000        -0.000             -0.000        -0.000
            834.0         0.000         0.000              0.000         0.000
            835.0         0.000         0.000              0.000         0.000
            836.0         0.000         0.000              0.000         0.000
            837.0        -0.000        -0.000             -0.000        -0.000
            838.0         0.000         0.000              0.000         0.000
            839.0         0.000         0.000              0.000         0.000
            840.0         0.000         0.000              0.000         0.000
            841.0        -0.000        -0.000             -0.000        -0.000
            842.0         0.000         0.000              0.000         0.000
            843.0         0.000         0.000              0.000         0.000
            844.0        -0.000        -0.000             -0.000        -0.000
            845.0        -0.000        -0.000             -0.000        -0.000
            846.0         0.000         0.000              0.000         0.000
            847.0        -0.000        -0.000             -0.000        -0.000
            848.0        -0.000        -0.000             -0.000        -0.000
            849.0         0.000         0.000              0.000         0.000
            850.0         0.000         0.000              0.000         0.000
            851.0        -0.000        -0.000             -0.000        -0.000
            852.0         0.000         0.000              0.000         0.000
            853.0        -0.000        -0.000             -0.000        -0.000
            854.0         0.000         0.000              0.000         0.000
            855.0         0.000         0.000              0.000         0.000
            856.0         0.000         0.000              0.000         0.000
            857.0         0.000         0.000              0.000         0.000
            858.0        -0.000        -0.000             -0.000        -0.000
            859.0         0.000         0.000              0.000         0.000
            860.0         0.000         0.000              0.000         0.000
            861.0         0.000         0.000              0.000         0.000
            862.0         0.000         0.000              0.000         0.000
            863.0         0.000         0.000              0.000         0.000
            864.0         0.000         0.000              0.000         0.000
            865.0         0.000         0.000              0.000         0.000
            866.0         0.000         0.000              0.000         0.000
            867.0         0.000         0.000              0.000         0.000
            868.0         0.000         0.000              0.000         0.000
            869.0         0.000         0.000              0.000         0.000
            870.0         0.000         0.000              0.000         0.000
            871.0         0.000         0.000              0.000         0.000
            872.0         0.000         0.000              0.000         0.000
            873.0         0.000         0.000              0.000         0.000
            874.0         0.000         0.000              0.000         0.000
            875.0         0.000         0.000              0.000         0.000
            876.0         0.000         0.000              0.000         0.000
            877.0         0.000         0.000              0.000         0.000
            878.0         0.000         0.000              0.000         0.000
            879.0        -0.000        -0.000             -0.000        -0.000
            880.0         0.000         0.000              0.000         0.000
            881.0         0.000         0.000              0.000         0.000
            882.0        -0.000        -0.000             -0.000        -0.000
            883.0         0.000         0.000              0.000         0.000
            884.0         0.000         0.000              0.000         0.000
            885.0         0.000         0.000              0.000         0.000
            886.0        -0.000        -0.000             -0.000        -0.000
            887.0         0.000         0.000              0.000         0.000
            888.0         0.000         0.000              0.000         0.000
            889.0         0.000         0.000              0.000         0.000
            890.0         0.000         0.000              0.000         0.000
            891.0         0.000         0.000              0.000         0.000
            892.0         0.000         0.000              0.000         0.000
            893.0         0.000         0.000              0.000         0.000
            894.0         0.000         0.000              0.000         0.000
            895.0         0.000         0.000              0.000         0.000
            896.0         0.000         0.000              0.000         0.000
            897.0         0.000         0.000              0.000         0.000
            898.0         0.000         0.000              0.000         0.000
            899.0         0.000         0.000              0.000         0.000
            900.0         0.000         0.000              0.000         0.000
            901.0         0.000         0.000              0.000         0.000
            902.0         0.000         0.000              0.000         0.000
            903.0         0.000         0.000              0.000         0.000
            904.0         0.000         0.000              0.000         0.000
            905.0         0.000         0.000              0.000         0.000
            906.0         0.000         0.000              0.000         0.000
            907.0         0.000         0.000              0.000         0.000
            908.0         0.000         0.000              0.000         0.000
            909.0         0.000         0.000              0.000         0.000
            910.0         0.000         0.000              0.000         0.000
            911.0         0.000         0.000              0.000         0.000
            912.0         0.000         0.000              0.000         0.000
            913.0         0.000         0.000              0.000         0.000
            914.0         0.000         0.000              0.000         0.000
            915.0         0.000         0.000              0.000         0.000
            916.0         0.000         0.000              0.000         0.000
            917.0         0.000         0.000              0.000         0.000
            918.0         0.000         0.000              0.000         0.000
            919.0         0.000         0.000              0.000         0.000
            920.0         0.000         0.000              0.000         0.000
            921.0         0.000         0.000              0.000         0.000
            922.0         0.000         0.000              0.000         0.000
            923.0         0.000         0.000              0.000         0.000
            924.0         0.000         0.000              0.000         0.000
            925.0         0.000         0.000              0.000         0.000
            926.0         0.000         0.000              0.000         0.000
            927.0         0.000         0.000              0.000         0.000
            928.0         0.000         0.000              0.000         0.000
            929.0         0.000         0.000              0.000         0.000
            930.0         0.000         0.000              0.000         0.000
            931.0         0.000         0.000              0.000         0.000
            932.0         0.000         0.000              0.000         0.000
            933.0         0.000         0.000              0.000         0.000
            934.0         0.000         0.000              0.000         0.000
            935.0         0.000         0.000              0.000         0.000
            936.0         0.000         0.000              0.000         0.000
            937.0         0.000         0.000              0.000         0.000
            938.0         0.000         0.000              0.000         0.000
            939.0         0.000         0.000              0.000         0.000
            940.0         0.000         0.000              0.000         0.000
            941.0         0.000         0.000              0.000         0.000
            942.0         0.000         0.000              0.000         0.000
            943.0         0.000         0.000              0.000         0.000
            944.0         0.000         0.000              0.000         0.000
            945.0         0.000         0.000              0.000         0.000
            946.0         0.000         0.000              0.000         0.000
            947.0         0.000         0.000              0.000         0.000
            948.0         0.000         0.000              0.000         0.000
            949.0         0.000         0.000              0.000         0.000
            950.0         0.000         0.000              0.000         0.000
            951.0         0.000         0.000              0.000         0.000
            952.0         0.000         0.000              0.000         0.000
            953.0         0.000         0.000              0.000         0.000
            954.0         0.000         0.000              0.000         0.000
            955.0         0.000         0.000              0.000         0.000
            956.0         0.000         0.000              0.000         0.000
            957.0         0.000         0.000              0.000         0.000
            958.0         0.000         0.000              0.000         0.000
            959.0         0.000         0.000              0.000         0.000
            960.0         0.000         0.000              0.000         0.000
            961.0         0.000         0.000              0.000         0.000
            962.0         0.000         0.000              0.000         0.000
            963.0         0.000         0.000              0.000         0.000
            964.0         0.000         0.000              0.000         0.000
            965.0         0.000         0.000              0.000         0.000
            966.0         0.000         0.000              0.000         0.000
            967.0         0.000         0.000              0.000         0.000
            968.0         0.000         0.000              0.000         0.000
            969.0         0.000         0.000              0.000         0.000
            970.0         0.000         0.000              0.000         0.000
            971.0         0.000         0.000              0.000         0.000
            972.0         0.000         0.000              0.000         0.000
            973.0         0.000         0.000              0.000         0.000
            974.0         0.000         0.000              0.000         0.000
            975.0         0.000         0.000              0.000         0.000
            976.0         0.000         0.000              0.000         0.000
            977.0         0.000         0.000              0.000         0.000
            978.0         0.000         0.000              0.000         0.000
            979.0         0.000         0.000              0.000         0.000
            980.0         0.000         0.000              0.000         0.000
            981.0         0.000         0.000              0.000         0.000
            982.0         0.000         0.000              0.000         0.000
            983.0         0.000         0.000              0.000         0.000
            984.0         0.000         0.000              0.000         0.000
            985.0         0.000         0.000              0.000         0.000
            986.0         0.000         0.000              0.000         0.000
            987.0         0.000         0.000              0.000         0.000
            988.0         0.000         0.000              0.000         0.000
            989.0         0.000         0.000              0.000         0.000
            990.0         0.000         0.000              0.000         0.000
            991.0         0.000         0.000              0.000         0.000
            992.0         0.000         0.000              0.000         0.000
            993.0         0.000         0.000              0.000         0.000
            994.0         0.000         0.000              0.000         0.000
            995.0         0.000         0.000              0.000         0.000
            996.0         0.000         0.000              0.000         0.000
            997.0         0.000         0.000              0.000         0.000
            998.0         0.000         0.000              0.000         0.000
            999.0         0.000         0.000              0.000         0.000
           1000.0         0.000         0.000              0.000         0.000
           1001.0         0.000         0.000              0.000         0.000
           1002.0         0.000         0.000              0.000         0.000
           1003.0         0.000         0.000              0.000         0.000
           1004.0         0.000         0.000              0.000         0.000
           1005.0         0.000         0.000              0.000         0.000
           1006.0         0.000         0.000              0.000         0.000
           1007.0         0.000         0.000              0.000         0.000
           1008.0         0.000         0.000              0.000         0.000
           1009.0         0.000         0.000              0.000         0.000
           1010.0         0.000         0.000              0.000         0.000
           1011.0         0.000         0.000              0.000         0.000
           1012.0         0.000         0.000              0.000         0.000
           1013.0         0.000         0.000              0.000         0.000
           1014.0         0.000         0.000              0.000         0.000
           1015.0         0.000         0.000              0.000         0.000
           1016.0         0.000         0.000              0.000         0.000
           1017.0         0.000         0.000              0.000         0.000
           1018.0         0.000         0.000              0.000         0.000
           1019.0         0.000         0.000              0.000         0.000
           1020.0         0.000         0.000              0.000         0.000
           1021.0         0.000         0.000              0.000         0.000
           1022.0         0.000         0.000              0.000         0.000
           1023.0         0.000         0.000              0.000         0.000
           1024.0         0.000         0.000              0.000         0.000
           1025.0         0.000         0.000              0.000         0.000
           1026.0         0.000         0.000              0.000         0.000
           1027.0         0.000         0.000              0.000         0.000
           1028.0         0.000         0.000              0.000         0.000
           1029.0         0.000         0.000              0.000         0.000
           1030.0         0.000         0.000              0.000         0.000
           1031.0         0.000         0.000              0.000         0.000
           1032.0         0.000         0.000              0.000         0.000
           1033.0         0.000         0.000              0.000         0.000
           1034.0         0.000         0.000              0.000         0.000
           1035.0         0.000         0.000              0.000         0.000
           1036.0         0.000         0.000              0.000         0.000
           1037.0         0.000         0.000              0.000         0.000
           1038.0         0.000         0.000              0.000         0.000
           1039.0         0.000         0.000              0.000         0.000
           1040.0         0.000         0.000              0.000         0.000
           1041.0         0.000         0.000              0.000         0.000
           1042.0         0.000         0.000              0.000         0.000
           1043.0         0.000         0.000              0.000         0.000
           1044.0         0.000         0.000              0.000         0.000
           1045.0         0.000         0.000              0.000         0.000
           1046.0         0.000         0.000              0.000         0.000
           1047.0         0.000         0.000              0.000         0.000
           1048.0         0.000         0.000              0.000         0.000
           1049.0         0.000         0.000              0.000         0.000
           1050.0         0.000         0.000              0.000         0.000
           1051.0         0.000         0.000              0.000         0.000
           1052.0         0.000         0.000              0.000         0.000
           1053.0         0.000         0.000              0.000         0.000
           1054.0         0.000         0.000              0.000         0.000
           1055.0         0.000         0.000              0.000         0.000
           1056.0         0.000         0.000              0.000         0.000
           1057.0         0.000         0.000              0.000         0.000
           1058.0         0.000         0.000              0.000         0.000
           1059.0         0.000         0.000              0.000         0.000
           1060.0         0.000         0.000              0.000         0.000
           1061.0         0.000         0.000              0.000         0.000
           1062.0         0.000         0.000              0.000         0.000
           1063.0         0.000         0.000              0.000         0.000
           1064.0         0.000         0.000              0.000         0.000
           1065.0         0.000         0.000              0.000         0.000
           1066.0         0.000         0.000              0.000         0.000
           1067.0         0.000         0.000              0.000         0.000
           1068.0         0.000         0.000              0.000         0.000
           1069.0         0.000         0.000              0.000         0.000
           1070.0         0.000         0.000              0.000         0.000
           1071.0         0.000         0.000              0.000         0.000
           1072.0         0.000         0.000              0.000         0.000
           1073.0         0.000         0.000              0.000         0.000
           1074.0         0.000         0.000              0.000         0.000
           1075.0         0.000         0.000              0.000         0.000
           1076.0         0.000         0.000              0.000         0.000
           1077.0         0.000         0.000              0.000         0.000
           1078.0         0.000         0.000              0.000         0.000
           1079.0         0.000         0.000              0.000         0.000
           1080.0         0.000         0.000              0.000         0.000
           1081.0         0.000         0.000              0.000         0.000
           1082.0         0.000         0.000              0.000         0.000
           1083.0         0.000         0.000              0.000         0.000
           1084.0         0.000         0.000              0.000         0.000
           1085.0         0.000         0.000              0.000         0.000
           1086.0         0.000         0.000              0.000         0.000
           1087.0         0.000         0.000              0.000         0.000
           1088.0         0.000         0.000              0.000         0.000
           1089.0         0.000         0.000              0.000         0.000
           1090.0         0.000         0.000              0.000         0.000
           1091.0         0.000         0.000              0.000         0.000
           1092.0         0.000         0.000              0.000         0.000
           1093.0         0.000         0.000              0.000         0.000
           1094.0         0.000         0.000              0.000         0.000
           1095.0         0.000         0.000              0.000         0.000
           1096.0         0.000         0.000              0.000         0.000
           1097.0         0.000         0.000              0.000         0.000
           1098.0         0.000         0.000              0.000         0.000
           1099.0         0.000         0.000              0.000         0.000
           1100.0         0.000         0.000              0.000         0.000
           1101.0         0.000         0.000              0.000         0.000
           1102.0         0.000         0.000              0.000         0.000
           1103.0         0.000         0.000              0.000         0.000
           1104.0         0.000         0.000              0.000         0.000
           1105.0         0.000         0.000              0.000         0.000
           1106.0         0.000         0.000              0.000         0.000
           1107.0         0.000         0.000              0.000         0.000
           1108.0         0.000         0.000              0.000         0.000
           1109.0         0.000         0.000              0.000         0.000
           1110.0         0.000         0.000              0.000         0.000
           1111.0         0.000         0.000              0.000         0.000
           1112.0         0.000         0.000              0.000         0.000
           1113.0         0.000         0.000              0.000         0.000
           1114.0         0.000         0.000              0.000         0.000
           1115.0         0.000         0.000              0.000         0.000
           1116.0         0.000         0.000              0.000         0.000
           1117.0         0.000         0.000              0.000         0.000
           1118.0         0.000         0.000              0.000         0.000
           1119.0         0.000         0.000              0.000         0.000
           1120.0         0.000         0.000              0.000         0.000
           1121.0         0.000         0.000              0.000         0.000
           1122.0         0.000         0.000              0.000         0.000
           1123.0         0.000         0.000              0.000         0.000
           1124.0         0.000         0.000              0.000         0.000
           1125.0         0.000         0.000              0.000         0.000
           1126.0         0.000         0.000              0.000         0.000
           1127.0         0.000         0.000              0.000         0.000
           1128.0         0.000         0.000              0.000         0.000
           1129.0         0.000         0.000              0.000         0.000
           1130.0         0.000         0.000              0.000         0.000
           1131.0         0.000         0.000              0.000         0.000
           1132.0         0.000         0.000              0.000         0.000
           1133.0         0.000         0.000              0.000         0.000
           1134.0         0.000         0.000              0.000         0.000
           1135.0         0.000         0.000              0.000         0.000
           1136.0         0.000         0.000              0.000         0.000
           1137.0         0.000         0.000              0.000         0.000
           1138.0         0.000         0.000              0.000         0.000
           1139.0         0.000         0.000              0.000         0.000
           1140.0         0.000         0.000              0.000         0.000
           1141.0         0.000         0.000              0.000         0.000
           1142.0         0.000         0.000              0.000         0.000
           1143.0         0.000         0.000              0.000         0.000
           1144.0         0.000         0.000              0.000         0.000
           1145.0         0.000         0.000              0.000         0.000
           1146.0         0.000         0.000              0.000         0.000
           1147.0         0.000         0.000              0.000         0.000
           1148.0         0.000         0.000              0.000         0.000
           1149.0         0.000         0.000              0.000         0.000
           1150.0         0.000         0.000              0.000         0.000
           1151.0         0.000         0.000              0.000         0.000
           1152.0         0.000         0.000              0.000         0.000
           1153.0         0.000         0.000              0.000         0.000
           1154.0         0.000         0.000              0.000         0.000
           1155.0         0.000         0.000              0.000         0.000
           1156.0         0.000         0.000              0.000         0.000
           1157.0         0.000         0.000              0.000         0.000
           1158.0         0.000         0.000              0.000         0.000
           1159.0         0.000         0.000              0.000         0.000
           1160.0         0.000         0.000              0.000         0.000
           1161.0         0.000         0.000              0.000         0.000
           1162.0         0.000         0.000              0.000         0.000
           1163.0         0.000         0.000              0.000         0.000
           1164.0         0.000         0.000              0.000         0.000
           1165.0         0.000         0.000              0.000         0.000
           1166.0         0.000         0.000              0.000         0.000
           1167.0         0.000         0.000              0.000         0.000
           1168.0         0.000         0.000              0.000         0.000
           1169.0         0.000         0.000              0.000         0.000
           1170.0         0.000         0.000              0.000         0.000
           1171.0         0.000         0.000              0.000         0.000
           1172.0         0.000         0.000              0.000         0.000
           1173.0         0.000         0.000              0.000         0.000
           1174.0         0.000         0.000              0.000         0.000
           1175.0         0.000         0.000              0.000         0.000
           1176.0         0.000         0.000              0.000         0.000
           1177.0         0.000         0.000              0.000         0.000
           1178.0         0.000         0.000              0.000         0.000
           1179.0         0.000         0.000              0.000         0.000
           1180.0         0.000         0.000              0.000         0.000
           1181.0         0.000         0.000              0.000         0.000
           1182.0         0.000         0.000              0.000         0.000
           1183.0         0.000         0.000              0.000         0.000
           1184.0         0.000         0.000              0.000         0.000
           1185.0         0.000         0.000              0.000         0.000
           1186.0         0.000         0.000              0.000         0.000
           1187.0         0.000         0.000              0.000         0.000
           1188.0         0.000         0.000              0.000         0.000
           1189.0         0.000         0.000              0.000         0.000
           1190.0         0.000         0.000              0.000         0.000
           1191.0         0.000         0.000              0.000         0.000
           1192.0         0.000         0.000              0.000         0.000
           1193.0         0.000         0.000              0.000         0.000
           1194.0         0.000         0.000              0.000         0.000
           1195.0         0.000         0.000              0.000         0.000
           1196.0         0.000         0.000              0.000         0.000
           1197.0         0.000         0.000              0.000         0.000
           1198.0         0.000         0.000              0.000         0.000
           1199.0         0.000         0.000              0.000         0.000
           1200.0         0.000         0.000              0.000         0.000
