# 90prime spectral response curves
# compiled by C. W. Engelbracht, March 2009
# filter: Washington M
# 3 (filter * Q.E.) response curves are listed:
#    blue (chips 1 and 4), broadband (chips 2 and 3),
#    and average [(blue + broadband) / 2)]
# wavelength (nm)        filter    filt.*blue    filt.*broadband       average
            400.0         0.000         0.000              0.000         0.000
            400.4         0.000         0.000              0.000         0.000
            400.8         0.000         0.000              0.000         0.000
            401.2         0.000         0.000              0.000         0.000
            401.6         0.000         0.000              0.000         0.000
            402.0         0.000         0.000              0.000         0.000
            402.4         0.000         0.000              0.000         0.000
            402.8         0.000         0.000              0.000         0.000
            403.2         0.000         0.000              0.000         0.000
            403.6         0.000         0.000              0.000         0.000
            404.0         0.000         0.000              0.000         0.000
            404.4         0.000         0.000              0.000         0.000
            404.8         0.000         0.000              0.000         0.000
            405.2         0.000         0.000              0.000         0.000
            405.6         0.000         0.000              0.000         0.000
            406.0         0.000         0.000              0.000         0.000
            406.4         0.000         0.000              0.000         0.000
            406.8         0.000         0.000              0.000         0.000
            407.2         0.000         0.000              0.000         0.000
            407.6         0.000         0.000              0.000         0.000
            408.0         0.000         0.000              0.000         0.000
            408.4         0.000         0.000              0.000         0.000
            408.8         0.000         0.000              0.000         0.000
            409.2         0.000         0.000              0.000         0.000
            409.6         0.000         0.000              0.000         0.000
            410.0         0.000         0.000              0.000         0.000
            410.4         0.000         0.000              0.000         0.000
            410.8         0.000         0.000              0.000         0.000
            411.2         0.000         0.000              0.000         0.000
            411.6         0.000         0.000              0.000         0.000
            412.0         0.000         0.000              0.000         0.000
            412.4         0.000         0.000              0.000         0.000
            412.8         0.000         0.000              0.000         0.000
            413.2         0.000         0.000              0.000         0.000
            413.6         0.000         0.000              0.000         0.000
            414.0         0.000         0.000              0.000         0.000
            414.4         0.000         0.000              0.000         0.000
            414.8         0.000         0.000              0.000         0.000
            415.2         0.000         0.000              0.000         0.000
            415.6         0.000         0.000              0.000         0.000
            416.0         0.000         0.000              0.000         0.000
            416.4         0.000         0.000              0.000         0.000
            416.8         0.000         0.000              0.000         0.000
            417.2         0.000         0.000              0.000         0.000
            417.6         0.000         0.000              0.000         0.000
            418.0         0.000         0.000              0.000         0.000
            418.4         0.000         0.000              0.000         0.000
            418.8         0.000         0.000              0.000         0.000
            419.2         0.000         0.000              0.000         0.000
            419.6         0.000         0.000              0.000         0.000
            420.0         0.000         0.000              0.000         0.000
            420.4         0.000         0.000              0.000         0.000
            420.8         0.000         0.000              0.000         0.000
            421.2         0.000         0.000              0.000         0.000
            421.6         0.000         0.000              0.000         0.000
            422.0         0.000         0.000              0.000         0.000
            422.4         0.000         0.000              0.000         0.000
            422.8         0.000         0.000              0.000         0.000
            423.2         0.000         0.000              0.000         0.000
            423.6         0.000         0.000              0.000         0.000
            424.0         0.000         0.000              0.000         0.000
            424.4         0.000         0.000              0.000         0.000
            424.8         0.000         0.000              0.000         0.000
            425.2         0.000         0.000              0.000         0.000
            425.6         0.000         0.000              0.000         0.000
            426.0         0.000         0.000              0.000         0.000
            426.4         0.000         0.000              0.000         0.000
            426.8         0.000         0.000              0.000         0.000
            427.2         0.000         0.000              0.000         0.000
            427.6         0.000         0.000              0.000         0.000
            428.0         0.000         0.000              0.000         0.000
            428.4         0.000         0.000              0.000         0.000
            428.8         0.000         0.000              0.000         0.000
            429.2         0.000         0.000              0.000         0.000
            429.6         0.000         0.000              0.000         0.000
            430.0         0.000         0.000              0.000         0.000
            430.4         0.000         0.000              0.000         0.000
            430.8         0.000         0.000              0.000         0.000
            431.2         0.000         0.000              0.000         0.000
            431.6         0.000         0.000              0.000         0.000
            432.0         0.000         0.000              0.000         0.000
            432.4         0.000         0.000              0.000         0.000
            432.8         0.001         0.001              0.000         0.000
            433.2         0.001         0.001              0.001         0.001
            433.6         0.001         0.001              0.001         0.001
            434.0         0.001         0.001              0.001         0.001
            434.4         0.002         0.001              0.001         0.001
            434.8         0.002         0.002              0.002         0.002
            435.2         0.003         0.002              0.002         0.002
            435.6         0.003         0.003              0.002         0.003
            436.0         0.004         0.004              0.003         0.003
            436.4         0.005         0.005              0.004         0.004
            436.8         0.007         0.006              0.005         0.005
            437.2         0.008         0.007              0.006         0.007
            437.6         0.010         0.009              0.008         0.008
            438.0         0.012         0.011              0.010         0.010
            438.4         0.015         0.013              0.012         0.013
            438.8         0.018         0.016              0.014         0.015
            439.2         0.022         0.020              0.017         0.018
            439.6         0.026         0.023              0.020         0.022
            440.0         0.031         0.027              0.024         0.026
            440.4         0.036         0.032              0.028         0.030
            440.8         0.042         0.038              0.033         0.035
            441.2         0.049         0.044              0.038         0.041
            441.6         0.057         0.050              0.044         0.047
            442.0         0.065         0.058              0.051         0.054
            442.4         0.074         0.066              0.058         0.062
            442.8         0.084         0.074              0.066         0.070
            443.2         0.094         0.084              0.074         0.079
            443.6         0.106         0.094              0.083         0.088
            444.0         0.117         0.104              0.093         0.098
            444.4         0.130         0.116              0.103         0.109
            444.8         0.143         0.127              0.113         0.120
            445.2         0.157         0.140              0.124         0.132
            445.6         0.172         0.153              0.136         0.145
            446.0         0.187         0.166              0.148         0.157
            446.4         0.203         0.180              0.161         0.171
            446.8         0.218         0.194              0.174         0.184
            447.2         0.235         0.209              0.187         0.198
            447.6         0.252         0.224              0.201         0.212
            448.0         0.268         0.238              0.214         0.226
            448.4         0.285         0.254              0.228         0.241
            448.8         0.303         0.269              0.241         0.255
            449.2         0.320         0.284              0.255         0.269
            449.6         0.337         0.299              0.269         0.284
            450.0         0.354         0.314              0.282         0.298
            450.4         0.371         0.329              0.296         0.312
            450.8         0.388         0.344              0.309         0.327
            451.2         0.404         0.359              0.323         0.341
            451.6         0.421         0.374              0.336         0.355
            452.0         0.437         0.388              0.349         0.369
            452.4         0.454         0.403              0.362         0.383
            452.8         0.469         0.416              0.375         0.396
            453.2         0.484         0.429              0.387         0.408
            453.6         0.498         0.442              0.398         0.420
            454.0         0.513         0.455              0.410         0.433
            454.4         0.527         0.467              0.421         0.444
            454.8         0.540         0.479              0.432         0.456
            455.2         0.554         0.491              0.443         0.467
            455.6         0.567         0.503              0.454         0.478
            456.0         0.580         0.514              0.465         0.489
            456.4         0.593         0.525              0.475         0.500
            456.8         0.604         0.535              0.484         0.509
            457.2         0.615         0.544              0.493         0.519
            457.6         0.626         0.553              0.501         0.527
            458.0         0.637         0.563              0.510         0.536
            458.4         0.647         0.572              0.519         0.545
            458.8         0.656         0.579              0.526         0.553
            459.2         0.666         0.588              0.534         0.561
            459.6         0.675         0.595              0.541         0.568
            460.0         0.683         0.602              0.548         0.575
            460.4         0.691         0.609              0.555         0.582
            460.8         0.699         0.616              0.561         0.589
            461.2         0.707         0.622              0.567         0.595
            461.6         0.714         0.628              0.573         0.601
            462.0         0.720         0.634              0.579         0.606
            462.4         0.727         0.639              0.584         0.611
            462.8         0.733         0.644              0.589         0.617
            463.2         0.740         0.650              0.594         0.622
            463.6         0.746         0.655              0.599         0.627
            464.0         0.751         0.659              0.604         0.632
            464.4         0.756         0.664              0.608         0.636
            464.8         0.762         0.668              0.613         0.640
            465.2         0.766         0.671              0.616         0.644
            465.6         0.771         0.676              0.621         0.648
            466.0         0.776         0.679              0.624         0.652
            466.4         0.780         0.682              0.628         0.655
            466.8         0.785         0.686              0.632         0.659
            467.2         0.788         0.689              0.635         0.662
            467.6         0.792         0.692              0.638         0.665
            468.0         0.796         0.695              0.641         0.668
            468.4         0.800         0.698              0.644         0.671
            468.8         0.802         0.700              0.647         0.673
            469.2         0.806         0.703              0.650         0.676
            469.6         0.809         0.706              0.653         0.679
            470.0         0.812         0.708              0.655         0.681
            470.4         0.814         0.709              0.657         0.683
            470.8         0.817         0.712              0.660         0.686
            471.2         0.820         0.714              0.662         0.688
            471.6         0.822         0.715              0.664         0.690
            472.0         0.824         0.717              0.666         0.691
            472.4         0.828         0.720              0.669         0.694
            472.8         0.830         0.721              0.670         0.696
            473.2         0.832         0.722              0.672         0.697
            473.6         0.833         0.723              0.673         0.698
            474.0         0.836         0.725              0.676         0.700
            474.4         0.838         0.726              0.677         0.702
            474.8         0.840         0.728              0.679         0.703
            475.2         0.842         0.729              0.681         0.705
            475.6         0.843         0.730              0.682         0.706
            476.0         0.845         0.731              0.683         0.707
            476.4         0.846         0.732              0.685         0.709
            476.8         0.848         0.734              0.687         0.710
            477.2         0.850         0.735              0.688         0.711
            477.6         0.851         0.735              0.689         0.712
            478.0         0.853         0.737              0.691         0.714
            478.4         0.854         0.738              0.692         0.715
            478.8         0.856         0.739              0.694         0.716
            479.2         0.857         0.739              0.695         0.717
            479.6         0.858         0.740              0.696         0.718
            480.0         0.859         0.740              0.696         0.718
            480.4         0.861         0.741              0.698         0.720
            480.8         0.862         0.742              0.699         0.721
            481.2         0.863         0.742              0.700         0.721
            481.6         0.864         0.743              0.701         0.722
            482.0         0.866         0.744              0.703         0.724
            482.4         0.866         0.744              0.703         0.724
            482.8         0.868         0.746              0.705         0.725
            483.2         0.868         0.746              0.705         0.725
            483.6         0.869         0.746              0.706         0.726
            484.0         0.870         0.746              0.707         0.727
            484.4         0.871         0.747              0.708         0.727
            484.8         0.872         0.747              0.709         0.728
            485.2         0.873         0.748              0.710         0.729
            485.6         0.874         0.748              0.711         0.729
            486.0         0.875         0.749              0.712         0.730
            486.4         0.875         0.748              0.712         0.730
            486.8         0.876         0.749              0.713         0.731
            487.2         0.877         0.749              0.714         0.731
            487.6         0.877         0.749              0.714         0.732
            488.0         0.879         0.750              0.716         0.733
            488.4         0.880         0.751              0.717         0.734
            488.8         0.880         0.750              0.717         0.733
            489.2         0.881         0.751              0.718         0.734
            489.6         0.881         0.751              0.718         0.734
            490.0         0.882         0.751              0.719         0.735
            490.4         0.882         0.751              0.719         0.735
            490.8         0.884         0.752              0.721         0.737
            491.2         0.884         0.752              0.721         0.736
            491.6         0.885         0.752              0.722         0.737
            492.0         0.886         0.752              0.723         0.738
            492.4         0.886         0.752              0.723         0.737
            492.8         0.887         0.753              0.724         0.738
            493.2         0.887         0.753              0.724         0.738
            493.6         0.887         0.753              0.725         0.739
            494.0         0.889         0.753              0.726         0.740
            494.4         0.889         0.753              0.726         0.740
            494.8         0.889         0.753              0.727         0.740
            495.2         0.889         0.753              0.727         0.740
            495.6         0.891         0.754              0.728         0.741
            496.0         0.890         0.753              0.728         0.740
            496.4         0.891         0.753              0.729         0.741
            496.8         0.892         0.754              0.730         0.742
            497.2         0.892         0.754              0.730         0.742
            497.6         0.893         0.754              0.731         0.743
            498.0         0.893         0.754              0.731         0.742
            498.4         0.893         0.755              0.731         0.743
            498.8         0.893         0.754              0.731         0.743
            499.2         0.893         0.755              0.732         0.743
            499.6         0.893         0.755              0.732         0.743
            500.0         0.895         0.757              0.734         0.745
            500.4         0.894         0.756              0.733         0.744
            500.8         0.894         0.755              0.733         0.744
            501.2         0.896         0.757              0.734         0.746
            501.6         0.896         0.757              0.735         0.746
            502.0         0.896         0.757              0.735         0.746
            502.4         0.896         0.758              0.737         0.747
            502.8         0.896         0.757              0.737         0.747
            503.2         0.896         0.758              0.738         0.748
            503.6         0.896         0.758              0.739         0.748
            504.0         0.896         0.757              0.739         0.748
            504.4         0.896         0.758              0.740         0.749
            504.8         0.897         0.758              0.741         0.749
            505.2         0.897         0.758              0.742         0.750
            505.6         0.897         0.758              0.742         0.750
            506.0         0.897         0.758              0.743         0.750
            506.4         0.896         0.757              0.743         0.750
            506.8         0.898         0.758              0.744         0.751
            507.2         0.898         0.758              0.745         0.752
            507.6         0.897         0.757              0.745         0.751
            508.0         0.897         0.757              0.746         0.751
            508.4         0.897         0.757              0.747         0.752
            508.8         0.897         0.757              0.747         0.752
            509.2         0.897         0.757              0.747         0.752
            509.6         0.898         0.757              0.749         0.753
            510.0         0.897         0.757              0.749         0.753
            510.4         0.896         0.756              0.749         0.753
            510.8         0.897         0.757              0.750         0.754
            511.2         0.896         0.756              0.750         0.753
            511.6         0.896         0.756              0.751         0.753
            512.0         0.896         0.756              0.752         0.754
            512.4         0.896         0.755              0.752         0.753
            512.8         0.896         0.755              0.752         0.754
            513.2         0.896         0.755              0.753         0.754
            513.6         0.895         0.754              0.753         0.754
            514.0         0.895         0.754              0.753         0.753
            514.4         0.894         0.753              0.754         0.754
            514.8         0.895         0.754              0.755         0.754
            515.2         0.894         0.753              0.754         0.754
            515.6         0.893         0.752              0.755         0.753
            516.0         0.893         0.752              0.755         0.753
            516.4         0.893         0.752              0.755         0.754
            516.8         0.893         0.751              0.756         0.754
            517.2         0.892         0.751              0.756         0.754
            517.6         0.891         0.750              0.756         0.753
            518.0         0.890         0.749              0.756         0.753
            518.4         0.890         0.749              0.756         0.752
            518.8         0.890         0.749              0.757         0.753
            519.2         0.888         0.748              0.756         0.752
            519.6         0.888         0.748              0.757         0.752
            520.0         0.887         0.747              0.756         0.752
            520.4         0.887         0.747              0.757         0.752
            520.8         0.886         0.746              0.756         0.751
            521.2         0.886         0.746              0.757         0.752
            521.6         0.885         0.746              0.757         0.751
            522.0         0.884         0.745              0.757         0.751
            522.4         0.883         0.744              0.757         0.751
            522.8         0.882         0.744              0.757         0.750
            523.2         0.882         0.743              0.757         0.750
            523.6         0.880         0.742              0.756         0.749
            524.0         0.879         0.741              0.756         0.749
            524.4         0.878         0.740              0.755         0.748
            524.8         0.877         0.739              0.755         0.747
            525.2         0.877         0.739              0.755         0.747
            525.6         0.876         0.739              0.755         0.747
            526.0         0.875         0.738              0.755         0.746
            526.4         0.874         0.737              0.755         0.746
            526.8         0.872         0.736              0.754         0.745
            527.2         0.871         0.735              0.754         0.745
            527.6         0.870         0.734              0.753         0.744
            528.0         0.867         0.732              0.752         0.742
            528.4         0.868         0.732              0.752         0.742
            528.8         0.866         0.731              0.752         0.741
            529.2         0.865         0.730              0.752         0.741
            529.6         0.864         0.729              0.751         0.740
            530.0         0.862         0.728              0.750         0.739
            530.4         0.861         0.727              0.749         0.738
            530.8         0.859         0.725              0.748         0.737
            531.2         0.858         0.725              0.748         0.737
            531.6         0.856         0.723              0.747         0.735
            532.0         0.854         0.722              0.746         0.734
            532.4         0.853         0.720              0.745         0.733
            532.8         0.851         0.719              0.744         0.732
            533.2         0.849         0.717              0.743         0.730
            533.6         0.848         0.716              0.743         0.729
            534.0         0.846         0.715              0.742         0.729
            534.4         0.844         0.714              0.741         0.728
            534.8         0.842         0.712              0.740         0.726
            535.2         0.840         0.710              0.738         0.724
            535.6         0.839         0.709              0.738         0.724
            536.0         0.837         0.708              0.737         0.722
            536.4         0.835         0.706              0.736         0.721
            536.8         0.832         0.704              0.734         0.719
            537.2         0.830         0.702              0.732         0.717
            537.6         0.828         0.701              0.731         0.716
            538.0         0.826         0.699              0.730         0.714
            538.4         0.823         0.697              0.728         0.712
            538.8         0.822         0.695              0.727         0.711
            539.2         0.819         0.693              0.726         0.710
            539.6         0.816         0.691              0.724         0.707
            540.0         0.814         0.689              0.722         0.705
            540.4         0.812         0.688              0.722         0.705
            540.8         0.809         0.685              0.719         0.702
            541.2         0.807         0.683              0.718         0.701
            541.6         0.805         0.682              0.717         0.699
            542.0         0.802         0.679              0.715         0.697
            542.4         0.799         0.677              0.713         0.695
            542.8         0.797         0.675              0.711         0.693
            543.2         0.794         0.672              0.709         0.690
            543.6         0.791         0.670              0.707         0.689
            544.0         0.788         0.668              0.705         0.686
            544.4         0.785         0.665              0.703         0.684
            544.8         0.783         0.663              0.701         0.682
            545.2         0.779         0.660              0.699         0.679
            545.6         0.777         0.658              0.697         0.677
            546.0         0.774         0.656              0.695         0.675
            546.4         0.771         0.653              0.693         0.673
            546.8         0.768         0.651              0.691         0.671
            547.2         0.764         0.647              0.687         0.667
            547.6         0.761         0.645              0.686         0.665
            548.0         0.758         0.642              0.684         0.663
            548.4         0.754         0.638              0.680         0.659
            548.8         0.752         0.637              0.679         0.658
            549.2         0.748         0.633              0.676         0.655
            549.6         0.745         0.631              0.674         0.652
            550.0         0.741         0.627              0.671         0.649
            550.4         0.738         0.624              0.668         0.646
            550.8         0.735         0.622              0.666         0.644
            551.2         0.732         0.619              0.663         0.641
            551.6         0.727         0.615              0.659         0.637
            552.0         0.723         0.612              0.656         0.634
            552.4         0.720         0.609              0.653         0.631
            552.8         0.716         0.606              0.650         0.628
            553.2         0.712         0.602              0.646         0.624
            553.6         0.708         0.599              0.643         0.621
            554.0         0.704         0.595              0.639         0.617
            554.4         0.700         0.592              0.636         0.614
            554.8         0.696         0.589              0.633         0.611
            555.2         0.692         0.585              0.628         0.606
            555.6         0.688         0.581              0.625         0.603
            556.0         0.684         0.578              0.622         0.600
            556.4         0.680         0.574              0.618         0.596
            556.8         0.676         0.571              0.615         0.593
            557.2         0.672         0.568              0.611         0.590
            557.6         0.667         0.564              0.607         0.586
            558.0         0.663         0.560              0.604         0.582
            558.4         0.659         0.557              0.600         0.578
            558.8         0.655         0.553              0.597         0.575
            559.2         0.651         0.549              0.593         0.571
            559.6         0.645         0.545              0.588         0.566
            560.0         0.641         0.541              0.584         0.563
            560.4         0.637         0.537              0.580         0.559
            560.8         0.632         0.533              0.576         0.555
            561.2         0.628         0.530              0.573         0.551
            561.6         0.623         0.526              0.568         0.547
            562.0         0.619         0.522              0.565         0.543
            562.4         0.614         0.518              0.560         0.539
            562.8         0.609         0.514              0.556         0.535
            563.2         0.605         0.510              0.552         0.531
            563.6         0.600         0.506              0.547         0.527
            564.0         0.594         0.501              0.543         0.522
            564.4         0.590         0.498              0.539         0.518
            564.8         0.585         0.493              0.535         0.514
            565.2         0.580         0.489              0.530         0.509
            565.6         0.575         0.485              0.526         0.505
            566.0         0.570         0.481              0.522         0.501
            566.4         0.565         0.476              0.517         0.497
            566.8         0.559         0.472              0.512         0.492
            567.2         0.555         0.468              0.508         0.488
            567.6         0.550         0.464              0.503         0.483
            568.0         0.545         0.460              0.499         0.479
            568.4         0.540         0.455              0.494         0.475
            568.8         0.535         0.451              0.490         0.471
            569.2         0.530         0.447              0.485         0.466
            569.6         0.525         0.443              0.481         0.462
            570.0         0.519         0.438              0.476         0.457
            570.4         0.515         0.434              0.472         0.453
            570.8         0.509         0.429              0.467         0.448
            571.2         0.504         0.425              0.463         0.444
            571.6         0.499         0.421              0.458         0.439
            572.0         0.494         0.416              0.453         0.435
            572.4         0.488         0.412              0.448         0.430
            572.8         0.483         0.407              0.444         0.426
            573.2         0.478         0.403              0.439         0.421
            573.6         0.473         0.398              0.434         0.416
            574.0         0.467         0.394              0.430         0.412
            574.4         0.462         0.389              0.425         0.407
            574.8         0.457         0.385              0.420         0.402
            575.2         0.452         0.380              0.415         0.398
            575.6         0.446         0.375              0.410         0.393
            576.0         0.441         0.371              0.406         0.388
            576.4         0.435         0.366              0.400         0.383
            576.8         0.430         0.362              0.396         0.379
            577.2         0.425         0.357              0.391         0.374
            577.6         0.420         0.353              0.386         0.370
            578.0         0.414         0.348              0.381         0.365
            578.4         0.409         0.343              0.377         0.360
            578.8         0.404         0.339              0.372         0.356
            579.2         0.399         0.335              0.368         0.351
            579.6         0.393         0.330              0.362         0.346
            580.0         0.388         0.326              0.358         0.342
            580.4         0.383         0.322              0.353         0.338
            580.8         0.378         0.317              0.349         0.333
            581.2         0.373         0.313              0.344         0.328
            581.6         0.368         0.309              0.339         0.324
            582.0         0.363         0.304              0.335         0.320
            582.4         0.357         0.300              0.330         0.315
            582.8         0.352         0.295              0.325         0.310
            583.2         0.347         0.291              0.320         0.306
            583.6         0.342         0.287              0.316         0.301
            584.0         0.337         0.283              0.312         0.297
            584.4         0.332         0.278              0.307         0.293
            584.8         0.327         0.274              0.302         0.288
            585.2         0.322         0.270              0.298         0.284
            585.6         0.317         0.265              0.293         0.279
            586.0         0.312         0.262              0.289         0.275
            586.4         0.307         0.257              0.284         0.270
            586.8         0.302         0.253              0.280         0.266
            587.2         0.297         0.249              0.275         0.262
            587.6         0.292         0.245              0.271         0.258
            588.0         0.287         0.241              0.266         0.253
            588.4         0.282         0.236              0.262         0.249
            588.8         0.278         0.232              0.257         0.245
            589.2         0.273         0.228              0.253         0.241
            589.6         0.269         0.225              0.249         0.237
            590.0         0.264         0.221              0.245         0.233
            590.4         0.259         0.217              0.241         0.229
            590.8         0.255         0.213              0.236         0.225
            591.2         0.250         0.209              0.232         0.221
            591.6         0.246         0.205              0.228         0.217
            592.0         0.241         0.202              0.224         0.213
            592.4         0.237         0.198              0.220         0.209
            592.8         0.233         0.194              0.216         0.205
            593.2         0.229         0.191              0.212         0.202
            593.6         0.224         0.187              0.208         0.198
            594.0         0.220         0.184              0.205         0.194
            594.4         0.216         0.180              0.201         0.190
            594.8         0.211         0.176              0.197         0.187
            595.2         0.207         0.173              0.193         0.183
            595.6         0.203         0.170              0.189         0.179
            596.0         0.199         0.166              0.185         0.176
            596.4         0.195         0.162              0.181         0.172
            596.8         0.191         0.159              0.178         0.169
            597.2         0.187         0.156              0.174         0.165
            597.6         0.183         0.153              0.171         0.162
            598.0         0.179         0.149              0.167         0.158
            598.4         0.176         0.146              0.164         0.155
            598.8         0.172         0.143              0.160         0.152
            599.2         0.168         0.140              0.157         0.148
            599.6         0.165         0.137              0.153         0.145
            600.0         0.161         0.134              0.150         0.142
            600.4         0.157         0.131              0.147         0.139
            600.8         0.154         0.128              0.143         0.136
            601.2         0.151         0.125              0.140         0.133
            601.6         0.147         0.122              0.137         0.130
            602.0         0.144         0.119              0.134         0.127
            602.4         0.141         0.117              0.131         0.124
            602.8         0.137         0.114              0.128         0.121
            603.2         0.134         0.111              0.125         0.118
            603.6         0.131         0.109              0.122         0.115
            604.0         0.128         0.106              0.119         0.113
            604.4         0.125         0.104              0.116         0.110
            604.8         0.122         0.101              0.114         0.107
            605.2         0.119         0.099              0.111         0.105
            605.6         0.116         0.096              0.108         0.102
            606.0         0.113         0.094              0.105         0.100
            606.4         0.110         0.092              0.103         0.097
            606.8         0.108         0.089              0.100         0.095
            607.2         0.105         0.087              0.098         0.092
            607.6         0.102         0.085              0.095         0.090
            608.0         0.100         0.082              0.093         0.088
            608.4         0.097         0.080              0.090         0.085
            608.8         0.095         0.078              0.088         0.083
            609.2         0.092         0.076              0.086         0.081
            609.6         0.090         0.074              0.083         0.079
            610.0         0.087         0.072              0.081         0.077
            610.4         0.085         0.070              0.079         0.074
            610.8         0.082         0.068              0.077         0.072
            611.2         0.080         0.066              0.075         0.071
            611.6         0.078         0.064              0.073         0.069
            612.0         0.076         0.063              0.071         0.067
            612.4         0.074         0.061              0.069         0.065
            612.8         0.072         0.059              0.067         0.063
            613.2         0.070         0.058              0.065         0.061
            613.6         0.068         0.056              0.063         0.059
            614.0         0.066         0.054              0.061         0.058
            614.4         0.064         0.053              0.060         0.056
            614.8         0.062         0.051              0.058         0.055
            615.2         0.060         0.050              0.056         0.053
            615.6         0.059         0.048              0.054         0.051
            616.0         0.057         0.047              0.053         0.050
            616.4         0.055         0.045              0.051         0.048
            616.8         0.053         0.044              0.050         0.047
            617.2         0.052         0.043              0.048         0.045
            617.6         0.050         0.041              0.047         0.044
            618.0         0.049         0.040              0.045         0.043
            618.4         0.047         0.039              0.044         0.041
            618.8         0.046         0.038              0.043         0.040
            619.2         0.044         0.036              0.041         0.039
            619.6         0.043         0.035              0.040         0.038
            620.0         0.042         0.034              0.039         0.036
            620.4         0.040         0.033              0.037         0.035
            620.8         0.039         0.032              0.036         0.034
            621.2         0.038         0.031              0.035         0.033
            621.6         0.036         0.030              0.034         0.032
            622.0         0.035         0.029              0.033         0.031
            622.4         0.034         0.028              0.032         0.030
            622.8         0.033         0.027              0.031         0.029
            623.2         0.032         0.026              0.030         0.028
            623.6         0.031         0.025              0.029         0.027
            624.0         0.030         0.024              0.028         0.026
            624.4         0.029         0.023              0.027         0.025
            624.8         0.028         0.023              0.026         0.024
            625.2         0.027         0.022              0.025         0.023
            625.6         0.026         0.021              0.024         0.023
            626.0         0.025         0.020              0.023         0.022
            626.4         0.024         0.020              0.022         0.021
            626.8         0.023         0.019              0.022         0.020
            627.2         0.023         0.018              0.021         0.020
            627.6         0.022         0.018              0.020         0.019
            628.0         0.021         0.017              0.019         0.018
            628.4         0.020         0.016              0.019         0.018
            628.8         0.019         0.016              0.018         0.017
            629.2         0.019         0.015              0.017         0.016
            629.6         0.018         0.015              0.017         0.016
            630.0         0.017         0.014              0.016         0.015
            630.4         0.017         0.014              0.016         0.015
            630.8         0.016         0.013              0.015         0.014
            631.2         0.016         0.013              0.014         0.013
            631.6         0.015         0.012              0.014         0.013
            632.0         0.014         0.012              0.013         0.012
            632.4         0.014         0.011              0.013         0.012
            632.8         0.013         0.011              0.012         0.012
            633.2         0.013         0.010              0.012         0.011
            633.6         0.012         0.010              0.011         0.011
            634.0         0.012         0.010              0.011         0.010
            634.4         0.011         0.009              0.011         0.010
            634.8         0.011         0.009              0.010         0.009
            635.2         0.010         0.008              0.010         0.009
            635.6         0.010         0.008              0.009         0.009
            636.0         0.010         0.008              0.009         0.008
            636.4         0.009         0.008              0.009         0.008
            636.8         0.009         0.007              0.008         0.008
            637.2         0.009         0.007              0.008         0.007
            637.6         0.008         0.007              0.008         0.007
            638.0         0.008         0.006              0.007         0.007
            638.4         0.008         0.006              0.007         0.007
            638.8         0.007         0.006              0.007         0.006
            639.2         0.007         0.006              0.006         0.006
            639.6         0.007         0.005              0.006         0.006
            640.0         0.006         0.005              0.006         0.006
            640.4         0.006         0.005              0.006         0.005
            640.8         0.006         0.005              0.005         0.005
            641.2         0.006         0.005              0.005         0.005
            641.6         0.005         0.004              0.005         0.005
            642.0         0.005         0.004              0.005         0.004
            642.4         0.005         0.004              0.005         0.004
            642.8         0.005         0.004              0.004         0.004
            643.2         0.005         0.004              0.004         0.004
            643.6         0.004         0.003              0.004         0.004
            644.0         0.004         0.003              0.004         0.004
            644.4         0.004         0.003              0.004         0.003
            644.8         0.004         0.003              0.004         0.003
            645.2         0.004         0.003              0.003         0.003
            645.6         0.003         0.003              0.003         0.003
            646.0         0.003         0.003              0.003         0.003
            646.4         0.003         0.003              0.003         0.003
            646.8         0.003         0.002              0.003         0.003
            647.2         0.003         0.002              0.003         0.002
            647.6         0.003         0.002              0.003         0.002
            648.0         0.003         0.002              0.002         0.002
            648.4         0.002         0.002              0.002         0.002
            648.8         0.002         0.002              0.002         0.002
            649.2         0.002         0.002              0.002         0.002
            649.6         0.002         0.002              0.002         0.002
            650.0         0.002         0.002              0.002         0.002
            650.4         0.002         0.002              0.002         0.002
            650.8         0.002         0.002              0.002         0.002
            651.2         0.002         0.001              0.002         0.002
            651.6         0.002         0.001              0.002         0.001
            652.0         0.002         0.001              0.002         0.001
            652.4         0.002         0.001              0.001         0.001
            652.8         0.001         0.001              0.001         0.001
            653.2         0.001         0.001              0.001         0.001
            653.6         0.001         0.001              0.001         0.001
            654.0         0.001         0.001              0.001         0.001
            654.4         0.001         0.001              0.001         0.001
            654.8         0.001         0.001              0.001         0.001
            655.2         0.001         0.001              0.001         0.001
            655.6         0.001         0.001              0.001         0.001
            656.0         0.001         0.001              0.001         0.001
            656.4         0.001         0.001              0.001         0.001
            656.8         0.001         0.001              0.001         0.001
            657.2         0.001         0.001              0.001         0.001
            657.6         0.001         0.001              0.001         0.001
            658.0         0.001         0.001              0.001         0.001
            658.4         0.001         0.001              0.001         0.001
            658.8         0.001         0.001              0.001         0.001
            659.2         0.001         0.001              0.001         0.001
            659.6         0.001         0.000              0.001         0.001
            660.0         0.001         0.000              0.001         0.000
            660.4         0.001         0.000              0.001         0.000
            660.8         0.001         0.000              0.000         0.000
            661.2         0.001         0.000              0.000         0.000
            661.6         0.000         0.000              0.000         0.000
            662.0         0.000         0.000              0.000         0.000
            662.4         0.000         0.000              0.000         0.000
            662.8         0.000         0.000              0.000         0.000
            663.2         0.000         0.000              0.000         0.000
            663.6         0.000         0.000              0.000         0.000
            664.0         0.000         0.000              0.000         0.000
            664.4         0.000         0.000              0.000         0.000
            664.8         0.000         0.000              0.000         0.000
            665.2         0.000         0.000              0.000         0.000
            665.6         0.000         0.000              0.000         0.000
            666.0         0.000         0.000              0.000         0.000
            666.4         0.000         0.000              0.000         0.000
            666.8         0.000         0.000              0.000         0.000
            667.2         0.000         0.000              0.000         0.000
            667.6         0.000         0.000              0.000         0.000
            668.0         0.000         0.000              0.000         0.000
            668.4         0.000         0.000              0.000         0.000
            668.8         0.000         0.000              0.000         0.000
            669.2         0.000         0.000              0.000         0.000
            669.6         0.000         0.000              0.000         0.000
            670.0         0.000         0.000              0.000         0.000
