# 90prime spectral response curves
# compiled by C. W. Engelbracht, March 2009
# filter: SDSS z
# 3 (filter * Q.E.) response curves are listed:
#    blue (chips 1 and 4), broadband (chips 2 and 3),
#    and average [(blue + broadband) / 2)]
#
# N.B. The filter trace has a small (~3%) dip near 870 nm in the filter trace
# that I'm not sure is real, since I don't see it in the spectral traces I
# find on the internet - use with caution.
#
# wavelength (nm)        filter    filt.*blue    filt.*broadband       average
            299.0        -0.000        -0.000             -0.000        -0.000
            300.0        -0.000        -0.000             -0.000        -0.000
            301.0         0.000         0.000              0.000         0.000
            302.0         0.000         0.000              0.000         0.000
            303.0         0.000         0.000              0.000         0.000
            304.0        -0.000        -0.000             -0.000        -0.000
            305.0         0.000         0.000              0.000         0.000
            306.0        -0.000        -0.000             -0.000        -0.000
            307.0         0.000         0.000              0.000         0.000
            308.0        -0.000        -0.000             -0.000        -0.000
            309.0         0.000         0.000              0.000         0.000
            310.0        -0.000        -0.000             -0.000        -0.000
            311.0        -0.000        -0.000             -0.000        -0.000
            312.0         0.000         0.000              0.000         0.000
            313.0        -0.000        -0.000             -0.000        -0.000
            314.0        -0.000        -0.000             -0.000        -0.000
            315.0        -0.000        -0.000             -0.000        -0.000
            316.0         0.000         0.000              0.000         0.000
            317.0         0.000         0.000              0.000         0.000
            318.0         0.000         0.000              0.000         0.000
            319.0         0.000         0.000              0.000         0.000
            320.0        -0.000        -0.000             -0.000        -0.000
            321.0        -0.000        -0.000             -0.000        -0.000
            322.0         0.000         0.000              0.000         0.000
            323.0         0.000         0.000              0.000         0.000
            324.0         0.000         0.000              0.000         0.000
            325.0        -0.000        -0.000             -0.000        -0.000
            326.0        -0.000        -0.000             -0.000        -0.000
            327.0        -0.000        -0.000             -0.000        -0.000
            328.0         0.000         0.000              0.000         0.000
            329.0         0.000         0.000              0.000         0.000
            330.0        -0.000        -0.000             -0.000        -0.000
            331.0        -0.000        -0.000             -0.000        -0.000
            332.0        -0.000        -0.000             -0.000        -0.000
            333.0         0.000         0.000              0.000         0.000
            334.0         0.000         0.000              0.000         0.000
            335.0        -0.000        -0.000             -0.000        -0.000
            336.0        -0.000        -0.000             -0.000        -0.000
            337.0         0.000         0.000              0.000         0.000
            338.0         0.000         0.000              0.000         0.000
            339.0         0.000         0.000              0.000         0.000
            340.0         0.000         0.000              0.000         0.000
            341.0        -0.000        -0.000             -0.000        -0.000
            342.0         0.000         0.000              0.000         0.000
            343.0        -0.000        -0.000             -0.000        -0.000
            344.0         0.000         0.000              0.000         0.000
            345.0        -0.000        -0.000             -0.000        -0.000
            346.0         0.000         0.000              0.000         0.000
            347.0        -0.000        -0.000             -0.000        -0.000
            348.0         0.000         0.000              0.000         0.000
            349.0         0.000         0.000              0.000         0.000
            350.0         0.000         0.000              0.000         0.000
            351.0         0.000         0.000              0.000         0.000
            352.0         0.000         0.000              0.000         0.000
            353.0         0.000         0.000              0.000         0.000
            354.0         0.000         0.000              0.000         0.000
            355.0         0.000         0.000              0.000         0.000
            356.0         0.000         0.000              0.000         0.000
            357.0         0.000         0.000              0.000         0.000
            358.0         0.000         0.000              0.000         0.000
            359.0         0.000         0.000              0.000         0.000
            360.0         0.000         0.000              0.000         0.000
            361.0         0.000         0.000              0.000         0.000
            362.0         0.000         0.000              0.000         0.000
            363.0         0.000         0.000              0.000         0.000
            364.0         0.000         0.000              0.000         0.000
            365.0         0.000         0.000              0.000         0.000
            366.0         0.000         0.000              0.000         0.000
            367.0         0.000         0.000              0.000         0.000
            368.0         0.000         0.000              0.000         0.000
            369.0         0.000         0.000              0.000         0.000
            370.0         0.000         0.000              0.000         0.000
            371.0         0.000         0.000              0.000         0.000
            372.0         0.000         0.000              0.000         0.000
            373.0         0.000         0.000              0.000         0.000
            374.0         0.000         0.000              0.000         0.000
            375.0         0.000         0.000              0.000         0.000
            376.0         0.000         0.000              0.000         0.000
            377.0         0.000         0.000              0.000         0.000
            378.0         0.000         0.000              0.000         0.000
            379.0         0.000         0.000              0.000         0.000
            380.0         0.000         0.000              0.000         0.000
            381.0         0.000         0.000              0.000         0.000
            382.0         0.000         0.000              0.000         0.000
            383.0         0.000         0.000              0.000         0.000
            384.0         0.000         0.000              0.000         0.000
            385.0         0.000         0.000              0.000         0.000
            386.0         0.000         0.000              0.000         0.000
            387.0         0.000         0.000              0.000         0.000
            388.0         0.000         0.000              0.000         0.000
            389.0         0.000         0.000              0.000         0.000
            390.0         0.000         0.000              0.000         0.000
            391.0         0.000         0.000              0.000         0.000
            392.0         0.000         0.000              0.000         0.000
            393.0         0.000         0.000              0.000         0.000
            394.0         0.000         0.000              0.000         0.000
            395.0         0.000         0.000              0.000         0.000
            396.0         0.000         0.000              0.000         0.000
            397.0         0.000         0.000              0.000         0.000
            398.0         0.000         0.000              0.000         0.000
            399.0         0.000         0.000              0.000         0.000
            400.0         0.000         0.000              0.000         0.000
            401.0         0.000         0.000              0.000         0.000
            402.0         0.000         0.000              0.000         0.000
            403.0         0.000         0.000              0.000         0.000
            404.0         0.000         0.000              0.000         0.000
            405.0         0.000         0.000              0.000         0.000
            406.0         0.000         0.000              0.000         0.000
            407.0         0.000         0.000              0.000         0.000
            408.0         0.000         0.000              0.000         0.000
            409.0         0.000         0.000              0.000         0.000
            410.0         0.000         0.000              0.000         0.000
            411.0         0.000         0.000              0.000         0.000
            412.0        -0.000        -0.000             -0.000        -0.000
            413.0         0.000         0.000              0.000         0.000
            414.0        -0.000        -0.000             -0.000        -0.000
            415.0        -0.000        -0.000             -0.000        -0.000
            416.0        -0.000        -0.000             -0.000        -0.000
            417.0        -0.000        -0.000             -0.000        -0.000
            418.0        -0.000        -0.000             -0.000        -0.000
            419.0         0.000         0.000              0.000         0.000
            420.0         0.000         0.000              0.000         0.000
            421.0         0.000         0.000              0.000         0.000
            422.0         0.000         0.000              0.000         0.000
            423.0         0.000         0.000              0.000         0.000
            424.0         0.000         0.000              0.000         0.000
            425.0        -0.000        -0.000             -0.000        -0.000
            426.0        -0.000        -0.000             -0.000        -0.000
            427.0         0.000         0.000              0.000         0.000
            428.0         0.000         0.000              0.000         0.000
            429.0         0.000         0.000              0.000         0.000
            430.0         0.000         0.000              0.000         0.000
            431.0         0.000         0.000              0.000         0.000
            432.0         0.000         0.000              0.000         0.000
            433.0         0.000         0.000              0.000         0.000
            434.0        -0.000        -0.000             -0.000        -0.000
            435.0        -0.000        -0.000             -0.000        -0.000
            436.0        -0.000        -0.000             -0.000        -0.000
            437.0        -0.000        -0.000             -0.000        -0.000
            438.0        -0.000        -0.000             -0.000        -0.000
            439.0        -0.000        -0.000             -0.000        -0.000
            440.0         0.000         0.000              0.000         0.000
            441.0         0.000         0.000              0.000         0.000
            442.0         0.000         0.000              0.000         0.000
            443.0         0.000         0.000              0.000         0.000
            444.0         0.000         0.000              0.000         0.000
            445.0         0.000         0.000              0.000         0.000
            446.0         0.000         0.000              0.000         0.000
            447.0         0.000         0.000              0.000         0.000
            448.0         0.000         0.000              0.000         0.000
            449.0        -0.000        -0.000             -0.000        -0.000
            450.0         0.000         0.000              0.000         0.000
            451.0         0.000         0.000              0.000         0.000
            452.0         0.000         0.000              0.000         0.000
            453.0         0.000         0.000              0.000         0.000
            454.0         0.000         0.000              0.000         0.000
            455.0         0.000         0.000              0.000         0.000
            456.0         0.000         0.000              0.000         0.000
            457.0         0.000         0.000              0.000         0.000
            458.0         0.000         0.000              0.000         0.000
            459.0         0.000         0.000              0.000         0.000
            460.0         0.000         0.000              0.000         0.000
            461.0         0.000         0.000              0.000         0.000
            462.0         0.000         0.000              0.000         0.000
            463.0         0.000         0.000              0.000         0.000
            464.0         0.000         0.000              0.000         0.000
            465.0         0.000         0.000              0.000         0.000
            466.0         0.000         0.000              0.000         0.000
            467.0         0.000         0.000              0.000         0.000
            468.0         0.000         0.000              0.000         0.000
            469.0         0.000         0.000              0.000         0.000
            470.0         0.000         0.000              0.000         0.000
            471.0         0.000         0.000              0.000         0.000
            472.0         0.000         0.000              0.000         0.000
            473.0         0.000         0.000              0.000         0.000
            474.0         0.000         0.000              0.000         0.000
            475.0         0.000         0.000              0.000         0.000
            476.0         0.000         0.000              0.000         0.000
            477.0         0.000         0.000              0.000         0.000
            478.0         0.000         0.000              0.000         0.000
            479.0         0.000         0.000              0.000         0.000
            480.0         0.000         0.000              0.000         0.000
            481.0         0.000         0.000              0.000         0.000
            482.0         0.000         0.000              0.000         0.000
            483.0         0.000         0.000              0.000         0.000
            484.0         0.000         0.000              0.000         0.000
            485.0         0.000         0.000              0.000         0.000
            486.0         0.000         0.000              0.000         0.000
            487.0         0.000         0.000              0.000         0.000
            488.0         0.000         0.000              0.000         0.000
            489.0         0.000         0.000              0.000         0.000
            490.0         0.000         0.000              0.000         0.000
            491.0         0.000         0.000              0.000         0.000
            492.0         0.000         0.000              0.000         0.000
            493.0         0.000         0.000              0.000         0.000
            494.0         0.000         0.000              0.000         0.000
            495.0         0.000         0.000              0.000         0.000
            496.0         0.000         0.000              0.000         0.000
            497.0         0.000         0.000              0.000         0.000
            498.0         0.000         0.000              0.000         0.000
            499.0         0.000         0.000              0.000         0.000
            500.0         0.000         0.000              0.000         0.000
            501.0         0.000         0.000              0.000         0.000
            502.0         0.000         0.000              0.000         0.000
            503.0         0.000         0.000              0.000         0.000
            504.0         0.000         0.000              0.000         0.000
            505.0         0.000         0.000              0.000         0.000
            506.0         0.000         0.000              0.000         0.000
            507.0         0.000         0.000              0.000         0.000
            508.0         0.000         0.000              0.000         0.000
            509.0         0.000         0.000              0.000         0.000
            510.0         0.000         0.000              0.000         0.000
            511.0         0.000         0.000              0.000         0.000
            512.0         0.000         0.000              0.000         0.000
            513.0         0.000         0.000              0.000         0.000
            514.0         0.000         0.000              0.000         0.000
            515.0         0.000         0.000              0.000         0.000
            516.0         0.000         0.000              0.000         0.000
            517.0         0.000         0.000              0.000         0.000
            518.0         0.000         0.000              0.000         0.000
            519.0         0.000         0.000              0.000         0.000
            520.0         0.000         0.000              0.000         0.000
            521.0         0.000         0.000              0.000         0.000
            522.0         0.000         0.000              0.000         0.000
            523.0         0.000         0.000              0.000         0.000
            524.0         0.000         0.000              0.000         0.000
            525.0         0.000         0.000              0.000         0.000
            526.0         0.000         0.000              0.000         0.000
            527.0         0.000         0.000              0.000         0.000
            528.0         0.000         0.000              0.000         0.000
            529.0         0.000         0.000              0.000         0.000
            530.0         0.000         0.000              0.000         0.000
            531.0         0.000         0.000              0.000         0.000
            532.0         0.000         0.000              0.000         0.000
            533.0         0.000         0.000              0.000         0.000
            534.0         0.000         0.000              0.000         0.000
            535.0         0.000         0.000              0.000         0.000
            536.0         0.000         0.000              0.000         0.000
            537.0         0.000         0.000              0.000         0.000
            538.0         0.000         0.000              0.000         0.000
            539.0         0.000         0.000              0.000         0.000
            540.0         0.000         0.000              0.000         0.000
            541.0         0.000         0.000              0.000         0.000
            542.0         0.000         0.000              0.000         0.000
            543.0         0.000         0.000              0.000         0.000
            544.0         0.000         0.000              0.000         0.000
            545.0         0.000         0.000              0.000         0.000
            546.0         0.000         0.000              0.000         0.000
            547.0         0.000         0.000              0.000         0.000
            548.0         0.000         0.000              0.000         0.000
            549.0         0.000         0.000              0.000         0.000
            550.0         0.000         0.000              0.000         0.000
            551.0         0.000         0.000              0.000         0.000
            552.0         0.000         0.000              0.000         0.000
            553.0         0.000         0.000              0.000         0.000
            554.0         0.000         0.000              0.000         0.000
            555.0         0.000         0.000              0.000         0.000
            556.0         0.000         0.000              0.000         0.000
            557.0         0.000         0.000              0.000         0.000
            558.0         0.000         0.000              0.000         0.000
            559.0         0.000         0.000              0.000         0.000
            560.0         0.000         0.000              0.000         0.000
            561.0         0.000         0.000              0.000         0.000
            562.0         0.000         0.000              0.000         0.000
            563.0         0.000         0.000              0.000         0.000
            564.0         0.000         0.000              0.000         0.000
            565.0         0.000         0.000              0.000         0.000
            566.0         0.000         0.000              0.000         0.000
            567.0         0.000         0.000              0.000         0.000
            568.0         0.000         0.000              0.000         0.000
            569.0         0.000         0.000              0.000         0.000
            570.0         0.000         0.000              0.000         0.000
            571.0         0.000         0.000              0.000         0.000
            572.0         0.000         0.000              0.000         0.000
            573.0         0.000         0.000              0.000         0.000
            574.0         0.000         0.000              0.000         0.000
            575.0         0.000         0.000              0.000         0.000
            576.0         0.000         0.000              0.000         0.000
            577.0         0.000         0.000              0.000         0.000
            578.0         0.000         0.000              0.000         0.000
            579.0         0.000         0.000              0.000         0.000
            580.0         0.000         0.000              0.000         0.000
            581.0         0.000         0.000              0.000         0.000
            582.0         0.000         0.000              0.000         0.000
            583.0         0.000         0.000              0.000         0.000
            584.0         0.000         0.000              0.000         0.000
            585.0         0.000         0.000              0.000         0.000
            586.0         0.000         0.000              0.000         0.000
            587.0         0.000         0.000              0.000         0.000
            588.0         0.000         0.000              0.000         0.000
            589.0         0.000         0.000              0.000         0.000
            590.0         0.000         0.000              0.000         0.000
            591.0         0.000         0.000              0.000         0.000
            592.0         0.000         0.000              0.000         0.000
            593.0         0.000         0.000              0.000         0.000
            594.0         0.000         0.000              0.000         0.000
            595.0         0.000         0.000              0.000         0.000
            596.0         0.000         0.000              0.000         0.000
            597.0         0.000         0.000              0.000         0.000
            598.0         0.000         0.000              0.000         0.000
            599.0         0.000         0.000              0.000         0.000
            600.0         0.000         0.000              0.000         0.000
            601.0         0.000         0.000              0.000         0.000
            602.0         0.000         0.000              0.000         0.000
            603.0         0.000         0.000              0.000         0.000
            604.0         0.000         0.000              0.000         0.000
            605.0         0.000         0.000              0.000         0.000
            606.0         0.000         0.000              0.000         0.000
            607.0         0.000         0.000              0.000         0.000
            608.0         0.000         0.000              0.000         0.000
            609.0         0.000         0.000              0.000         0.000
            610.0         0.000         0.000              0.000         0.000
            611.0         0.000         0.000              0.000         0.000
            612.0         0.000         0.000              0.000         0.000
            613.0         0.000         0.000              0.000         0.000
            614.0         0.000         0.000              0.000         0.000
            615.0         0.000         0.000              0.000         0.000
            616.0         0.000         0.000              0.000         0.000
            617.0         0.000         0.000              0.000         0.000
            618.0         0.000         0.000              0.000         0.000
            619.0         0.000         0.000              0.000         0.000
            620.0         0.000         0.000              0.000         0.000
            621.0         0.000         0.000              0.000         0.000
            622.0         0.000         0.000              0.000         0.000
            623.0         0.000         0.000              0.000         0.000
            624.0         0.000         0.000              0.000         0.000
            625.0         0.000         0.000              0.000         0.000
            626.0         0.000         0.000              0.000         0.000
            627.0         0.000         0.000              0.000         0.000
            628.0         0.000         0.000              0.000         0.000
            629.0         0.000         0.000              0.000         0.000
            630.0         0.000         0.000              0.000         0.000
            631.0         0.000         0.000              0.000         0.000
            632.0        -0.000        -0.000             -0.000        -0.000
            633.0         0.000         0.000              0.000         0.000
            634.0         0.000         0.000              0.000         0.000
            635.0        -0.000        -0.000             -0.000        -0.000
            636.0         0.000         0.000              0.000         0.000
            637.0         0.000         0.000              0.000         0.000
            638.0         0.000         0.000              0.000         0.000
            639.0         0.000         0.000              0.000         0.000
            640.0         0.000         0.000              0.000         0.000
            641.0         0.000         0.000              0.000         0.000
            642.0         0.000         0.000              0.000         0.000
            643.0         0.000         0.000              0.000         0.000
            644.0         0.000         0.000              0.000         0.000
            645.0         0.000         0.000              0.000         0.000
            646.0        -0.000        -0.000             -0.000        -0.000
            647.0        -0.000        -0.000             -0.000        -0.000
            648.0        -0.000        -0.000             -0.000        -0.000
            649.0        -0.000        -0.000             -0.000        -0.000
            650.0        -0.000        -0.000             -0.000        -0.000
            651.0        -0.000        -0.000             -0.000        -0.000
            652.0        -0.000        -0.000             -0.000        -0.000
            653.0        -0.000        -0.000             -0.000        -0.000
            654.0        -0.000        -0.000             -0.000        -0.000
            655.0        -0.000        -0.000             -0.000        -0.000
            656.0        -0.000        -0.000             -0.000        -0.000
            657.0        -0.000        -0.000             -0.000        -0.000
            658.0        -0.000        -0.000             -0.000        -0.000
            659.0        -0.000        -0.000             -0.000        -0.000
            660.0        -0.000        -0.000             -0.000        -0.000
            661.0        -0.000        -0.000             -0.000        -0.000
            662.0        -0.000        -0.000             -0.000        -0.000
            663.0        -0.000        -0.000             -0.000        -0.000
            664.0        -0.000        -0.000             -0.000        -0.000
            665.0        -0.000        -0.000             -0.000        -0.000
            666.0        -0.000        -0.000             -0.000        -0.000
            667.0        -0.000        -0.000             -0.000        -0.000
            668.0        -0.000        -0.000             -0.000        -0.000
            669.0        -0.000        -0.000             -0.000        -0.000
            670.0        -0.000        -0.000             -0.000        -0.000
            671.0        -0.000        -0.000             -0.000        -0.000
            672.0        -0.000        -0.000             -0.000        -0.000
            673.0        -0.000        -0.000             -0.000        -0.000
            674.0        -0.000        -0.000             -0.000        -0.000
            675.0        -0.000        -0.000             -0.000        -0.000
            676.0        -0.000        -0.000             -0.000        -0.000
            677.0        -0.000        -0.000             -0.000        -0.000
            678.0        -0.000        -0.000             -0.000        -0.000
            679.0        -0.000        -0.000             -0.000        -0.000
            680.0        -0.000        -0.000             -0.000        -0.000
            681.0        -0.000        -0.000             -0.000        -0.000
            682.0        -0.000        -0.000             -0.000        -0.000
            683.0        -0.000        -0.000             -0.000        -0.000
            684.0        -0.000        -0.000             -0.000        -0.000
            685.0        -0.000        -0.000             -0.000        -0.000
            686.0        -0.000        -0.000             -0.000        -0.000
            687.0        -0.000        -0.000             -0.000        -0.000
            688.0        -0.000        -0.000             -0.000        -0.000
            689.0        -0.000        -0.000             -0.000        -0.000
            690.0        -0.000        -0.000             -0.000        -0.000
            691.0        -0.000        -0.000             -0.000        -0.000
            692.0        -0.000        -0.000             -0.000        -0.000
            693.0        -0.000        -0.000             -0.000        -0.000
            694.0        -0.000        -0.000             -0.000        -0.000
            695.0        -0.000        -0.000             -0.000        -0.000
            696.0        -0.000        -0.000             -0.000        -0.000
            697.0        -0.000        -0.000             -0.000        -0.000
            698.0        -0.000        -0.000             -0.000        -0.000
            699.0        -0.000        -0.000             -0.000        -0.000
            700.0        -0.000        -0.000             -0.000        -0.000
            701.0        -0.000        -0.000             -0.000        -0.000
            702.0        -0.000        -0.000             -0.000        -0.000
            703.0        -0.000        -0.000             -0.000        -0.000
            704.0        -0.000        -0.000             -0.000        -0.000
            705.0        -0.000        -0.000             -0.000        -0.000
            706.0        -0.000        -0.000             -0.000        -0.000
            707.0        -0.000        -0.000             -0.000        -0.000
            708.0        -0.000        -0.000             -0.000        -0.000
            709.0        -0.000        -0.000             -0.000        -0.000
            710.0        -0.000        -0.000             -0.000        -0.000
            711.0        -0.000        -0.000             -0.000        -0.000
            712.0        -0.000        -0.000             -0.000        -0.000
            713.0        -0.000        -0.000             -0.000        -0.000
            714.0        -0.000        -0.000             -0.000        -0.000
            715.0        -0.000        -0.000             -0.000        -0.000
            716.0        -0.000        -0.000             -0.000        -0.000
            717.0        -0.000        -0.000             -0.000        -0.000
            718.0        -0.000        -0.000             -0.000        -0.000
            719.0        -0.000        -0.000             -0.000        -0.000
            720.0        -0.000        -0.000             -0.000        -0.000
            721.0        -0.000        -0.000             -0.000        -0.000
            722.0        -0.000        -0.000             -0.000        -0.000
            723.0        -0.000        -0.000             -0.000        -0.000
            724.0        -0.000        -0.000             -0.000        -0.000
            725.0        -0.000        -0.000             -0.000        -0.000
            726.0        -0.000        -0.000             -0.000        -0.000
            727.0        -0.000        -0.000             -0.000        -0.000
            728.0        -0.000        -0.000             -0.000        -0.000
            729.0        -0.000        -0.000             -0.000        -0.000
            730.0        -0.000        -0.000             -0.000        -0.000
            731.0        -0.000        -0.000             -0.000        -0.000
            732.0        -0.000        -0.000             -0.000        -0.000
            733.0        -0.000        -0.000             -0.000        -0.000
            734.0        -0.000        -0.000             -0.000        -0.000
            735.0        -0.000        -0.000             -0.000        -0.000
            736.0        -0.000        -0.000             -0.000        -0.000
            737.0        -0.000        -0.000             -0.000        -0.000
            738.0        -0.000        -0.000             -0.000        -0.000
            739.0         0.000         0.000              0.000         0.000
            740.0        -0.000        -0.000             -0.000        -0.000
            741.0        -0.000        -0.000             -0.000        -0.000
            742.0        -0.000        -0.000             -0.000        -0.000
            743.0         0.000         0.000              0.000         0.000
            744.0         0.000         0.000              0.000         0.000
            745.0         0.000         0.000              0.000         0.000
            746.0        -0.000        -0.000             -0.000        -0.000
            747.0         0.000         0.000              0.000         0.000
            748.0        -0.000        -0.000             -0.000        -0.000
            749.0         0.000         0.000              0.000         0.000
            750.0         0.000         0.000              0.000         0.000
            751.0         0.000         0.000              0.000         0.000
            752.0         0.000         0.000              0.000         0.000
            753.0         0.000         0.000              0.000         0.000
            754.0         0.000         0.000              0.000         0.000
            755.0         0.000         0.000              0.000         0.000
            756.0         0.000         0.000              0.000         0.000
            757.0         0.000         0.000              0.000         0.000
            758.0         0.000         0.000              0.000         0.000
            759.0         0.000         0.000              0.000         0.000
            760.0         0.000         0.000              0.000         0.000
            761.0         0.000         0.000              0.000         0.000
            762.0         0.000         0.000              0.000         0.000
            763.0         0.000         0.000              0.000         0.000
            764.0         0.000         0.000              0.000         0.000
            765.0         0.000         0.000              0.000         0.000
            766.0         0.000         0.000              0.000         0.000
            767.0         0.000         0.000              0.000         0.000
            768.0         0.000         0.000              0.000         0.000
            769.0         0.000         0.000              0.000         0.000
            770.0         0.000         0.000              0.000         0.000
            771.0         0.000         0.000              0.000         0.000
            772.0         0.000         0.000              0.000         0.000
            773.0         0.000         0.000              0.000         0.000
            774.0         0.000         0.000              0.000         0.000
            775.0         0.000         0.000              0.000         0.000
            776.0         0.000         0.000              0.000         0.000
            777.0         0.000         0.000              0.000         0.000
            778.0         0.000         0.000              0.000         0.000
            779.0         0.000         0.000              0.000         0.000
            780.0         0.000         0.000              0.000         0.000
            781.0         0.000         0.000              0.000         0.000
            782.0         0.000         0.000              0.000         0.000
            783.0         0.000         0.000              0.000         0.000
            784.0         0.000         0.000              0.000         0.000
            785.0         0.000         0.000              0.000         0.000
            786.0         0.000         0.000              0.000         0.000
            787.0         0.000         0.000              0.000         0.000
            788.0         0.000         0.000              0.000         0.000
            789.0         0.000         0.000              0.000         0.000
            790.0         0.000         0.000              0.000         0.000
            791.0         0.000         0.000              0.000         0.000
            792.0         0.000         0.000              0.000         0.000
            793.0         0.000         0.000              0.000         0.000
            794.0         0.000         0.000              0.000         0.000
            795.0         0.000         0.000              0.000         0.000
            796.0         0.000         0.000              0.000         0.000
            797.0         0.000         0.000              0.000         0.000
            798.0         0.000         0.000              0.000         0.000
            799.0         0.000         0.000              0.000         0.000
            800.0         0.000         0.000              0.000         0.000
            801.0         0.000         0.000              0.000         0.000
            802.0         0.000         0.000              0.000         0.000
            803.0         0.001         0.000              0.000         0.000
            804.0         0.001         0.000              0.000         0.000
            805.0         0.001         0.001              0.001         0.001
            806.0         0.001         0.001              0.001         0.001
            807.0         0.001         0.001              0.001         0.001
            808.0         0.002         0.001              0.001         0.001
            809.0         0.002         0.001              0.001         0.001
            810.0         0.003         0.002              0.002         0.002
            811.0         0.003         0.002              0.002         0.002
            812.0         0.004         0.003              0.003         0.003
            813.0         0.006         0.004              0.004         0.004
            814.0         0.007         0.005              0.005         0.005
            815.0         0.009         0.006              0.006         0.006
            816.0         0.012         0.008              0.008         0.008
            817.0         0.017         0.010              0.010         0.010
            818.0         0.022         0.014              0.014         0.014
            819.0         0.030         0.019              0.019         0.019
            820.0         0.041         0.026              0.025         0.025
            821.0         0.056         0.035              0.035         0.035
            822.0         0.077         0.048              0.047         0.048
            823.0         0.105         0.066              0.065         0.065
            824.0         0.145         0.090              0.088         0.089
            825.0         0.198         0.123              0.120         0.121
            826.0         0.266         0.164              0.160         0.162
            827.0         0.350         0.216              0.210         0.213
            828.0         0.451         0.277              0.270         0.273
            829.0         0.559         0.342              0.332         0.337
            830.0         0.667         0.407              0.394         0.401
            831.0         0.764         0.464              0.449         0.457
            832.0         0.844         0.511              0.493         0.502
            833.0         0.903         0.545              0.525         0.535
            834.0         0.940         0.565              0.544         0.554
            835.0         0.962         0.576              0.553         0.564
            836.0         0.973         0.580              0.556         0.568
            837.0         0.977         0.580              0.555         0.567
            838.0         0.978         0.579              0.552         0.566
            839.0         0.976         0.575              0.548         0.562
            840.0         0.976         0.573              0.545         0.559
            841.0         0.974         0.570              0.541         0.555
            842.0         0.973         0.567              0.537         0.552
            843.0         0.972         0.564              0.533         0.549
            844.0         0.972         0.562              0.530         0.546
            845.0         0.968         0.558              0.525         0.541
            846.0         0.972         0.557              0.523         0.540
            847.0         0.972         0.555              0.520         0.538
            848.0         0.973         0.553              0.518         0.535
            849.0         0.972         0.550              0.514         0.532
            850.0         0.972         0.547              0.510         0.529
            851.0         0.974         0.546              0.509         0.527
            852.0         0.975         0.544              0.506         0.525
            853.0         0.970         0.538              0.500         0.519
            854.0         0.972         0.537              0.499         0.518
            855.0         0.970         0.533              0.495         0.514
            856.0         0.972         0.531              0.492         0.512
            857.0         0.971         0.528              0.489         0.508
            858.0         0.967         0.523              0.484         0.503
            859.0         0.967         0.520              0.481         0.501
            860.0         0.967         0.517              0.478         0.497
            861.0         0.965         0.513              0.474         0.493
            862.0         0.965         0.510              0.471         0.491
            863.0         0.960         0.505              0.466         0.485
            864.0         0.961         0.502              0.463         0.483
            865.0         0.957         0.497              0.458         0.478
            866.0         0.956         0.494              0.455         0.475
            867.0         0.953         0.489              0.450         0.470
            868.0         0.955         0.488              0.448         0.468
            869.0         0.954         0.484              0.445         0.465
            870.0         0.949         0.479              0.439         0.459
            871.0         0.943         0.473              0.434         0.454
            872.0         0.956         0.477              0.437         0.457
            873.0         0.949         0.470              0.431         0.451
            874.0         0.952         0.469              0.429         0.449
            875.0         0.952         0.465              0.426         0.446
            876.0         0.949         0.461              0.422         0.441
            877.0         0.946         0.456              0.418         0.437
            878.0         0.943         0.451              0.414         0.432
            879.0         0.955         0.454              0.416         0.435
            880.0         0.953         0.450              0.412         0.431
            881.0         0.960         0.449              0.412         0.431
            882.0         0.959         0.446              0.409         0.427
            883.0         0.960         0.443              0.406         0.425
            884.0         0.963         0.442              0.404         0.423
            885.0         0.964         0.439              0.402         0.421
            886.0         0.965         0.437              0.399         0.418
            887.0         0.966         0.435              0.397         0.416
            888.0         0.968         0.433              0.395         0.414
            889.0         0.971         0.431              0.393         0.412
            890.0         0.972         0.429              0.390         0.410
            891.0         0.971         0.425              0.387         0.406
            892.0         0.976         0.424              0.386         0.405
            893.0         0.977         0.421              0.383         0.402
            894.0         0.978         0.418              0.381         0.399
            895.0         0.980         0.415              0.378         0.397
            896.0         0.977         0.411              0.374         0.393
            897.0         0.982         0.410              0.373         0.392
            898.0         0.981         0.407              0.369         0.388
            899.0         0.984         0.406              0.367         0.386
            900.0         0.981         0.402              0.363         0.383
            901.0         0.985         0.401              0.362         0.381
            902.0         0.984         0.397              0.358         0.378
            903.0         0.984         0.395              0.356         0.375
            904.0         0.986         0.393              0.353         0.373
            905.0         0.983         0.389              0.349         0.369
            906.0         0.985         0.387              0.347         0.367
            907.0         0.981         0.384              0.343         0.363
            908.0         0.989         0.385              0.342         0.364
            909.0         0.984         0.380              0.338         0.359
            910.0         0.988         0.380              0.336         0.358
            911.0         0.986         0.376              0.333         0.354
            912.0         0.987         0.374              0.330         0.352
            913.0         0.983         0.369              0.326         0.348
            914.0         0.987         0.368              0.324         0.346
            915.0         0.986         0.365              0.321         0.343
            916.0         0.987         0.362              0.318         0.340
            917.0         0.987         0.361              0.315         0.338
            918.0         0.989         0.359              0.313         0.336
            919.0         0.983         0.354              0.308         0.331
            920.0         0.988         0.354              0.307         0.331
            921.0         0.985         0.351              0.303         0.327
            922.0         0.985         0.348              0.300         0.324
            923.0         0.986         0.346              0.298         0.322
            924.0         0.985         0.343              0.294         0.319
            925.0         0.986         0.341              0.292         0.316
            926.0         0.987         0.339              0.289         0.314
            927.0         0.983         0.335              0.285         0.310
            928.0         0.984         0.333              0.282         0.307
            929.0         0.984         0.330              0.279         0.305
            930.0         0.983         0.327              0.276         0.302
            931.0         0.983         0.324              0.273         0.299
            932.0         0.981         0.322              0.270         0.296
            933.0         0.982         0.320              0.267         0.293
            934.0         0.983         0.318              0.264         0.291
            935.0         0.981         0.315              0.261         0.288
            936.0         0.982         0.313              0.258         0.286
            937.0         0.975         0.309              0.254         0.281
            938.0         0.976         0.307              0.251         0.279
            939.0         0.976         0.305              0.248         0.277
            940.0         0.973         0.302              0.244         0.273
            941.0         0.977         0.301              0.242         0.271
            942.0         0.974         0.298              0.239         0.268
            943.0         0.974         0.295              0.236         0.266
            944.0         0.970         0.292              0.232         0.262
            945.0         0.974         0.291              0.230         0.260
            946.0         0.968         0.287              0.226         0.257
            947.0         0.970         0.285              0.223         0.254
            948.0         0.972         0.284              0.221         0.252
            949.0         0.969         0.281              0.217         0.249
            950.0         0.967         0.278              0.214         0.246
            951.0         0.965         0.275              0.211         0.243
            952.0         0.964         0.273              0.209         0.241
            953.0         0.968         0.272              0.208         0.240
            954.0         0.963         0.268              0.205         0.237
            955.0         0.965         0.267              0.203         0.235
            956.0         0.963         0.264              0.201         0.232
            957.0         0.966         0.263              0.199         0.231
            958.0         0.964         0.260              0.197         0.228
            959.0         0.956         0.256              0.193         0.224
            960.0         0.960         0.255              0.192         0.223
            961.0         0.960         0.252              0.190         0.221
            962.0         0.959         0.250              0.188         0.219
            963.0         0.959         0.248              0.186         0.217
            964.0         0.957         0.246              0.184         0.215
            965.0         0.960         0.245              0.182         0.214
            966.0         0.958         0.243              0.180         0.211
            967.0         0.957         0.240              0.178         0.209
            968.0         0.956         0.238              0.176         0.207
            969.0         0.956         0.236              0.174         0.205
            970.0         0.956         0.234              0.172         0.203
            971.0         0.957         0.232              0.170         0.201
            972.0         0.957         0.230              0.168         0.199
            973.0         0.952         0.227              0.165         0.196
            974.0         0.957         0.226              0.164         0.195
            975.0         0.953         0.223              0.161         0.192
            976.0         0.955         0.222              0.160         0.191
            977.0         0.953         0.219              0.157         0.188
            978.0         0.955         0.218              0.156         0.187
            979.0         0.949         0.215              0.153         0.184
            980.0         0.949         0.213              0.151         0.182
            981.0         0.955         0.212              0.150         0.181
            982.0         0.952         0.210              0.147         0.179
            983.0         0.952         0.208              0.145         0.177
            984.0         0.951         0.206              0.143         0.175
            985.0         0.953         0.205              0.141         0.173
            986.0         0.951         0.202              0.139         0.171
            987.0         0.953         0.201              0.137         0.169
            988.0         0.950         0.198              0.135         0.167
            989.0         0.950         0.197              0.133         0.165
            990.0         0.954         0.195              0.132         0.163
            991.0         0.954         0.193              0.130         0.161
            992.0         0.951         0.191              0.127         0.159
            993.0         0.953         0.189              0.126         0.157
            994.0         0.953         0.187              0.124         0.155
            995.0         0.952         0.184              0.121         0.153
            996.0         0.952         0.182              0.119         0.151
            997.0         0.954         0.181              0.118         0.149
            998.0         0.956         0.180              0.116         0.148
            999.0         0.954         0.177              0.114         0.146
           1000.0         0.955         0.176              0.112         0.144
           1001.0         0.954         0.174              0.110         0.142
           1002.0         0.958         0.173              0.108         0.140
           1003.0         0.955         0.170              0.107         0.138
           1004.0         0.958         0.169              0.106         0.137
           1005.0         0.958         0.167              0.104         0.136
           1006.0         0.957         0.165              0.103         0.134
           1007.0         0.959         0.164              0.102         0.133
           1008.0         0.960         0.162              0.101         0.131
           1009.0         0.960         0.160              0.099         0.130
           1010.0         0.960         0.158              0.098         0.128
           1011.0         0.962         0.157              0.097         0.127
           1012.0         0.961         0.155              0.095         0.125
           1013.0         0.962         0.153              0.094         0.124
           1014.0         0.962         0.151              0.093         0.122
           1015.0         0.961         0.149              0.092         0.120
           1016.0         0.965         0.148              0.091         0.119
           1017.0         0.965         0.146              0.089         0.118
           1018.0         0.964         0.144              0.088         0.116
           1019.0         0.966         0.142              0.087         0.114
           1020.0         0.969         0.140              0.086         0.113
           1021.0         0.964         0.137              0.084         0.111
           1022.0         0.967         0.135              0.083         0.109
           1023.0         0.966         0.133              0.082         0.107
           1024.0         0.966         0.132              0.080         0.106
           1025.0         0.969         0.130              0.079         0.105
           1026.0         0.966         0.129              0.078         0.103
           1027.0         0.969         0.127              0.077         0.102
           1028.0         0.969         0.126              0.075         0.100
           1029.0         0.966         0.123              0.074         0.099
           1030.0         0.971         0.122              0.073         0.097
           1031.0         0.970         0.120              0.071         0.095
           1032.0         0.970         0.117              0.070         0.094
           1033.0         0.971         0.115              0.069         0.092
           1034.0         0.969         0.113              0.067         0.090
           1035.0         0.972         0.111              0.066         0.089
           1036.0         0.971         0.109              0.065         0.087
           1037.0         0.971         0.107              0.064         0.086
           1038.0         0.971         0.105              0.062         0.084
           1039.0         0.969         0.103              0.061         0.082
           1040.0         0.971         0.102              0.060         0.081
           1041.0         0.976         0.100              0.059         0.079
           1042.0         0.974         0.098              0.057         0.078
           1043.0         0.968         0.096              0.056         0.076
           1044.0         0.971         0.094              0.054         0.074
           1045.0         0.973         0.093              0.053         0.073
           1046.0         0.973         0.091              0.052         0.071
           1047.0         0.974         0.090              0.051         0.070
           1048.0         0.976         0.090              0.049         0.070
           1049.0         0.968         0.089              0.048         0.068
           1050.0         0.971         0.089              0.046         0.068
           1051.0         0.976         0.089              0.045         0.067
           1052.0         0.978         0.089              0.045         0.067
           1053.0         0.970         0.087              0.044         0.066
           1054.0         0.973         0.087              0.044         0.066
           1055.0         0.973         0.087              0.044         0.065
           1056.0         0.973         0.086              0.044         0.065
           1057.0         0.973         0.086              0.043         0.065
           1058.0         0.972         0.085              0.043         0.064
           1059.0         0.974         0.085              0.043         0.064
           1060.0         0.972         0.084              0.043         0.064
           1061.0         0.975         0.084              0.043         0.063
           1062.0         0.972         0.084              0.042         0.063
           1063.0         0.973         0.083              0.042         0.063
           1064.0         0.972         0.083              0.042         0.062
           1065.0         0.972         0.082              0.042         0.062
           1066.0         0.971         0.082              0.041         0.062
           1067.0         0.973         0.081              0.041         0.061
           1068.0         0.971         0.081              0.041         0.061
           1069.0         0.970         0.080              0.041         0.060
           1070.0         0.967         0.080              0.040         0.060
           1071.0         0.970         0.079              0.040         0.060
           1072.0         0.969         0.079              0.040         0.059
           1073.0         0.971         0.079              0.040         0.059
           1074.0         0.968         0.078              0.039         0.059
           1075.0         0.966         0.077              0.039         0.058
           1076.0         0.968         0.077              0.039         0.058
           1077.0         0.966         0.076              0.039         0.058
           1078.0         0.969         0.076              0.039         0.057
           1079.0         0.964         0.075              0.038         0.057
           1080.0         0.966         0.075              0.038         0.057
           1081.0         0.963         0.074              0.038         0.056
           1082.0         0.967         0.074              0.038         0.056
           1083.0         0.963         0.073              0.037         0.055
           1084.0         0.964         0.073              0.037         0.055
           1085.0         0.963         0.073              0.037         0.055
           1086.0         0.962         0.072              0.036         0.054
           1087.0         0.960         0.072              0.036         0.054
           1088.0         0.961         0.071              0.036         0.054
           1089.0         0.960         0.071              0.036         0.053
           1090.0         0.958         0.070              0.035         0.053
           1091.0         0.961         0.070              0.035         0.053
           1092.0         0.960         0.069              0.035         0.052
           1093.0         0.959         0.069              0.035         0.052
           1094.0         0.959         0.068              0.035         0.051
           1095.0         0.960         0.068              0.034         0.051
           1096.0         0.958         0.067              0.034         0.051
           1097.0         0.957         0.067              0.034         0.050
           1098.0         0.958         0.067              0.034         0.050
           1099.0         0.955         0.066              0.033         0.050
           1100.0         0.959         0.066              0.033         0.050
           1101.0         0.957         0.065              0.033         0.049
           1102.0         0.957         0.065              0.033         0.049
           1103.0         0.957         0.064              0.033         0.048
           1104.0         0.956         0.064              0.032         0.048
           1105.0         0.956         0.063              0.032         0.048
           1106.0         0.957         0.063              0.032         0.047
           1107.0         0.955         0.062              0.032         0.047
           1108.0         0.958         0.062              0.031         0.047
           1109.0         0.957         0.062              0.031         0.046
           1110.0         0.958         0.061              0.031         0.046
           1111.0         0.959         0.061              0.031         0.046
           1112.0         0.955         0.060              0.030         0.045
           1113.0         0.954         0.060              0.030         0.045
           1114.0         0.962         0.060              0.030         0.045
           1115.0         0.960         0.059              0.030         0.045
           1116.0         0.959         0.059              0.030         0.044
           1117.0         0.957         0.058              0.029         0.044
           1118.0         0.961         0.058              0.029         0.044
           1119.0         0.961         0.058              0.029         0.043
           1120.0         0.959         0.057              0.029         0.043
           1121.0         0.960         0.057              0.029         0.043
           1122.0         0.960         0.056              0.028         0.042
           1123.0         0.962         0.056              0.028         0.042
           1124.0         0.960         0.055              0.028         0.042
           1125.0         0.963         0.055              0.028         0.041
           1126.0         0.961         0.054              0.028         0.041
           1127.0         0.962         0.054              0.027         0.041
           1128.0         0.963         0.054              0.027         0.040
           1129.0         0.960         0.053              0.027         0.040
           1130.0         0.961         0.053              0.027         0.040
           1131.0         0.965         0.052              0.027         0.040
           1132.0         0.963         0.052              0.026         0.039
           1133.0         0.965         0.052              0.026         0.039
           1134.0         0.964         0.051              0.026         0.038
           1135.0         0.965         0.051              0.026         0.038
           1136.0         0.966         0.050              0.025         0.038
           1137.0         0.964         0.050              0.025         0.038
           1138.0         0.966         0.049              0.025         0.037
           1139.0         0.970         0.049              0.025         0.037
           1140.0         0.966         0.049              0.025         0.037
           1141.0         0.965         0.048              0.024         0.036
           1142.0         0.966         0.048              0.024         0.036
           1143.0         0.970         0.047              0.024         0.036
           1144.0         0.964         0.047              0.024         0.035
           1145.0         0.971         0.047              0.024         0.035
           1146.0         0.972         0.046              0.023         0.035
           1147.0         0.967         0.046              0.023         0.034
           1148.0         0.970         0.045              0.023         0.034
           1149.0         0.968         0.045              0.023         0.034
           1150.0         0.971         0.044              0.022         0.033
           1151.0         0.968         0.044              0.022         0.033
           1152.0         0.975         0.044              0.022         0.033
           1153.0         0.972         0.043              0.022         0.032
           1154.0         0.975         0.043              0.022         0.032
           1155.0         0.972         0.042              0.021         0.032
           1156.0         0.973         0.042              0.021         0.031
           1157.0         0.972         0.041              0.021         0.031
           1158.0         0.974         0.041              0.021         0.031
           1159.0         0.973         0.040              0.020         0.030
           1160.0         0.976         0.040              0.020         0.030
           1161.0         0.973         0.040              0.020         0.030
           1162.0         0.975         0.039              0.020         0.030
           1163.0         0.975         0.039              0.020         0.029
           1164.0         0.976         0.038              0.019         0.029
           1165.0         0.977         0.038              0.019         0.029
           1166.0         0.974         0.037              0.019         0.028
           1167.0         0.975         0.037              0.019         0.028
           1168.0         0.975         0.037              0.018         0.028
           1169.0         0.974         0.036              0.018         0.027
           1170.0         0.979         0.036              0.018         0.027
           1171.0         0.974         0.035              0.018         0.026
           1172.0         0.978         0.035              0.018         0.026
           1173.0         0.977         0.034              0.017         0.026
           1174.0         0.980         0.034              0.017         0.026
           1175.0         0.976         0.033              0.017         0.025
           1176.0         0.978         0.033              0.017         0.025
           1177.0         0.981         0.033              0.017         0.025
           1178.0         0.978         0.032              0.016         0.024
           1179.0         0.975         0.032              0.016         0.024
           1180.0         0.979         0.031              0.016         0.024
           1181.0         0.976         0.031              0.016         0.023
           1182.0         0.982         0.031              0.015         0.023
           1183.0         0.973         0.030              0.015         0.022
           1184.0         0.978         0.030              0.015         0.022
           1185.0         0.978         0.029              0.015         0.022
           1186.0         0.982         0.029              0.015         0.022
           1187.0         0.973         0.028              0.014         0.021
           1188.0         0.978         0.028              0.014         0.021
           1189.0         0.979         0.027              0.014         0.021
           1190.0         0.976         0.027              0.014         0.020
           1191.0         0.980         0.026              0.013         0.020
           1192.0         0.978         0.026              0.013         0.020
           1193.0         0.980         0.026              0.013         0.019
           1194.0         0.982         0.025              0.013         0.019
           1195.0         0.976         0.025              0.012         0.018
           1196.0         0.978         0.024              0.012         0.018
           1197.0         0.977         0.024              0.012         0.018
           1198.0         0.976         0.023              0.012         0.017
           1199.0         0.981         0.023              0.012         0.017
           1200.0         0.977         0.022              0.011         0.017
