# 90prime spectral response curves
# compiled by C. W. Engelbracht, March 2009
# filter: B
# 3 (filter * Q.E.) response curves are listed:
#    blue (chips 1 and 4), broadband (chips 2 and 3),
#    and average [(blue + broadband) / 2)]
# wavelength (nm)        filter    filt.*blue    filt.*broadband       average
            302.7        -0.003        -0.002             -0.002        -0.002
            329.2        -0.002        -0.001             -0.001        -0.001
            343.6        -0.002        -0.001             -0.001        -0.001
            352.9        -0.003        -0.002             -0.002        -0.002
            360.5         0.005         0.004              0.003         0.004
            362.1         0.015         0.013              0.009         0.011
            363.1         0.025         0.020              0.015         0.018
            364.3         0.035         0.029              0.022         0.025
            365.4         0.044         0.036              0.027         0.032
            366.6         0.066         0.055              0.041         0.048
            366.6         0.054         0.044              0.033         0.039
            367.5         0.075         0.063              0.046         0.054
            368.7         0.086         0.072              0.053         0.063
            368.9         0.096         0.080              0.059         0.070
            369.1         0.105         0.088              0.065         0.076
            369.8         0.116         0.097              0.072         0.085
            370.0         0.126         0.106              0.078         0.092
            370.2         0.135         0.114              0.084         0.099
            371.6         0.145         0.123              0.091         0.107
            371.8         0.155         0.132              0.097         0.114
            372.7         0.166         0.142              0.104         0.123
            373.4         0.185         0.157              0.116         0.137
            373.4         0.176         0.150              0.111         0.130
            376.1         0.246         0.212              0.156         0.184
            376.5         0.255         0.220              0.162         0.191
            377.0         0.264         0.229              0.168         0.198
            377.2         0.274         0.237              0.174         0.206
            377.6         0.295         0.255              0.187         0.221
            377.6         0.284         0.246              0.180         0.213
            378.9         0.315         0.274              0.201         0.238
            379.2         0.306         0.266              0.196         0.231
            379.4         0.325         0.283              0.208         0.245
            380.3         0.335         0.292              0.215         0.254
            380.8         0.345         0.301              0.222         0.261
            381.0         0.355         0.310              0.229         0.269
            381.4         0.365         0.319              0.235         0.277
            381.9         0.375         0.328              0.242         0.285
            382.8         0.394         0.346              0.256         0.301
            382.8         0.385         0.338              0.250         0.294
            383.2         0.405         0.356              0.264         0.310
            383.7         0.414         0.364              0.270         0.317
            384.8         0.424         0.374              0.278         0.326
            385.2         0.445         0.393              0.292         0.342
            385.3         0.435         0.385              0.286         0.335
            386.2         0.455         0.402              0.300         0.351
            386.6         0.466         0.413              0.308         0.360
            387.1         0.475         0.420              0.314         0.367
            388.0         0.486         0.431              0.323         0.377
            389.4         0.496         0.440              0.331         0.386
            389.6         0.505         0.448              0.338         0.393
            390.1         0.515         0.457              0.345         0.401
            390.8         0.527         0.468              0.354         0.411
            391.7         0.535         0.476              0.361         0.418
            392.1         0.545         0.485              0.368         0.427
            392.8         0.554         0.494              0.375         0.435
            393.8         0.565         0.503              0.384         0.444
            394.9         0.576         0.514              0.394         0.454
            395.6         0.585         0.521              0.401         0.461
            396.8         0.594         0.530              0.409         0.470
            397.5         0.605         0.540              0.418         0.479
            401.5         0.635         0.567              0.446         0.506
            403.7         0.645         0.576              0.455         0.516
            404.1         0.655         0.585              0.463         0.524
            406.3         0.666         0.595              0.473         0.534
            408.7         0.676         0.604              0.484         0.544
            409.6         0.685         0.612              0.492         0.552
            412.8         0.696         0.623              0.504         0.563
            417.1         0.705         0.631              0.517         0.574
            422.3         0.713         0.637              0.530         0.584
            429.4         0.712         0.636              0.540         0.588
            435.3         0.705         0.628              0.543         0.586
            441.7         0.695         0.618              0.545         0.581
            445.6         0.685         0.609              0.543         0.576
            446.9         0.675         0.600              0.537         0.568
            453.4         0.655         0.582              0.524         0.553
            455.1         0.645         0.572              0.516         0.544
            456.6         0.635         0.562              0.509         0.536
            458.7         0.625         0.552              0.501         0.526
            460.4         0.615         0.542              0.494         0.518
            461.0         0.603         0.531              0.484         0.508
            462.5         0.593         0.522              0.477         0.499
            463.2         0.584         0.513              0.470         0.492
            464.5         0.574         0.504              0.462         0.483
            465.3         0.564         0.494              0.454         0.474
            465.8         0.555         0.486              0.446         0.466
            466.8         0.544         0.476              0.438         0.457
            467.6         0.535         0.468              0.431         0.449
            467.9         0.526         0.459              0.423         0.441
            468.9         0.515         0.449              0.415         0.432
            469.5         0.504         0.440              0.407         0.423
            470.5         0.495         0.431              0.399         0.415
            470.8         0.484         0.422              0.391         0.406
            471.6         0.475         0.413              0.383         0.398
            472.3         0.465         0.404              0.376         0.390
            473.1         0.454         0.395              0.367         0.381
            473.4         0.445         0.386              0.360         0.373
            477.0         0.405         0.350              0.328         0.339
            477.4         0.384         0.332              0.311         0.321
            477.8         0.395         0.341              0.320         0.330
            478.7         0.364         0.314              0.295         0.305
            478.9         0.375         0.323              0.304         0.313
            479.7         0.354         0.305              0.287         0.296
            480.5         0.344         0.296              0.279         0.288
            481.2         0.335         0.289              0.272         0.280
            482.0         0.325         0.279              0.264         0.271
            482.8         0.315         0.270              0.256         0.263
            483.3         0.305         0.262              0.248         0.255
            483.6         0.295         0.253              0.240         0.246
            484.2         0.285         0.244              0.231         0.238
            484.9         0.275         0.235              0.223         0.229
            486.0         0.264         0.226              0.215         0.221
            486.7         0.256         0.219              0.208         0.214
            487.0         0.244         0.209              0.199         0.204
            488.3         0.236         0.201              0.192         0.196
            488.8         0.226         0.192              0.184         0.188
            489.4         0.214         0.183              0.175         0.179
            490.1         0.205         0.175              0.167         0.171
            491.2         0.196         0.166              0.160         0.163
            492.7         0.186         0.158              0.152         0.155
            493.5         0.175         0.149              0.143         0.146
            494.2         0.164         0.139              0.134         0.137
            495.0         0.155         0.132              0.127         0.129
            496.8         0.145         0.122              0.118         0.120
            497.8         0.137         0.115              0.112         0.114
            502.3         0.106         0.090              0.087         0.088
            503.8         0.096         0.081              0.079         0.080
            504.9         0.087         0.074              0.072         0.073
            507.1         0.076         0.064              0.063         0.064
            508.6         0.065         0.055              0.054         0.055
            509.9         0.055         0.047              0.046         0.046
            512.6         0.046         0.039              0.038         0.039
            515.6         0.035         0.029              0.029         0.029
            518.9         0.026         0.022              0.022         0.022
            522.3         0.016         0.013              0.014         0.013
            528.5         0.006         0.005              0.005         0.005
            531.7         0.004         0.004              0.004         0.004
            534.1         0.002         0.002              0.002         0.002
            539.0         0.002         0.002              0.002         0.002
            543.0         0.001         0.001              0.001         0.001
            544.4         0.004         0.003              0.003         0.003
            546.6         0.004         0.003              0.003         0.003
            552.2         0.006         0.005              0.005         0.005
            554.9         0.007         0.006              0.006         0.006
            557.4         0.006         0.005              0.006         0.005
            559.3         0.007         0.006              0.006         0.006
            563.0         0.007         0.006              0.006         0.006
            566.0         0.004         0.003              0.004         0.003
            567.9         0.003         0.003              0.003         0.003
            569.9         0.002         0.002              0.002         0.002
            585.6        -0.003        -0.003             -0.003        -0.003
            590.2        -0.002        -0.002             -0.002        -0.002
            593.4        -0.002        -0.002             -0.002        -0.002
            596.1        -0.002        -0.002             -0.002        -0.002
            603.7        -0.002        -0.002             -0.002        -0.002
            606.7        -0.002        -0.002             -0.002        -0.002
            609.8        -0.003        -0.003             -0.003        -0.003
            611.8        -0.002        -0.002             -0.002        -0.002
